# JRE version: OpenJDK Runtime Environment Temurin-21.0.10+7 (21.0.10+7) (build 21.0.10+7-LTS)
# Java VM: OpenJDK 64-Bit Server VM Temurin-21.0.10+7 (21.0.10+7-LTS, mixed mode, sharing, tiered, compressed oops, compressed class ptrs, parallel gc, windows-amd64)
GC Precious Log:
 CardTable entry size: 512
 CPUs: 16 total, 16 available
 Memory: 16202M
 Large Page Support: Disabled
 NUMA Support: Disabled
 Compressed Oops: Enabled (32-bit)
 Alignments: Space 512K, Generation 512K, Heap 2M
 Heap Min Capacity: 100M
 Heap Initial Capacity: 100M
 Heap Max Capacity: 2G
 Pre-touch: Disabled
 Parallel Workers: 13
Heap:
 PSYoungGen      total 16896K, used 3763K [0x00000000d5580000, 0x00000000d6700000, 0x0000000100000000)
  eden space 15872K, 17% used [0x00000000d5580000,0x00000000d5842510,0x00000000d6500000)
  from space 1024K, 91% used [0x00000000d6600000,0x00000000d66ea910,0x00000000d6700000)
  to   space 1024K, 0% used [0x00000000d6500000,0x00000000d6500000,0x00000000d6600000)
 ParOldGen       total 83968K, used 68923K [0x0000000080000000, 0x0000000085200000, 0x00000000d5580000)
  object space 83968K, 82% used [0x0000000080000000,0x000000008434ee40,0x0000000085200000)
 Metaspace       used 68892K, committed 70400K, reserved 1114112K
  class space    used 7353K, committed 8000K, reserved 1048576K
GC Heap History (20 events):
Event: 14.494 GC heap before
{Heap before GC invocations=88 (full 3):
 PSYoungGen      total 18944K, used 18944K [0x00000000d5580000, 0x00000000d6980000, 0x0000000100000000)
  eden space 18432K, 100% used [0x00000000d5580000,0x00000000d6780000,0x00000000d6780000)
  from space 512K, 100% used [0x00000000d6880000,0x00000000d6900000,0x00000000d6900000)
  to   space 1024K, 0% used [0x00000000d6780000,0x00000000d6780000,0x00000000d6880000)
 ParOldGen       total 83968K, used 61259K [0x0000000080000000, 0x0000000085200000, 0x00000000d5580000)
  object space 83968K, 72% used [0x0000000080000000,0x0000000083bd2c80,0x0000000085200000)
 Metaspace       used 59822K, committed 61248K, reserved 1114112K
  class space    used 6380K, committed 6976K, reserved 1048576K
}
Event: 14.502 GC heap after
{Heap after GC invocations=88 (full 3):
 PSYoungGen      total 19456K, used 1010K [0x00000000d5580000, 0x00000000d6b80000, 0x0000000100000000)
  eden space 18432K, 0% used [0x00000000d5580000,0x00000000d5580000,0x00000000d6780000)
  from space 1024K, 98% used [0x00000000d6780000,0x00000000d687cb18,0x00000000d6880000)
  to   space 2048K, 0% used [0x00000000d6980000,0x00000000d6980000,0x00000000d6b80000)
 ParOldGen       total 83968K, used 61799K [0x0000000080000000, 0x0000000085200000, 0x00000000d5580000)
  object space 83968K, 73% used [0x0000000080000000,0x0000000083c59c90,0x0000000085200000)
 Metaspace       used 59822K, committed 61248K, reserved 1114112K
  class space    used 6380K, committed 6976K, reserved 1048576K
}
Event: 14.757 GC heap before
{Heap before GC invocations=89 (full 3):
 PSYoungGen      total 19456K, used 19372K [0x00000000d5580000, 0x00000000d6b80000, 0x0000000100000000)
  eden space 18432K, 99% used [0x00000000d5580000,0x00000000d676e790,0x00000000d6780000)
  from space 1024K, 98% used [0x00000000d6780000,0x00000000d687cb18,0x00000000d6880000)
  to   space 2048K, 0% used [0x00000000d6980000,0x00000000d6980000,0x00000000d6b80000)
 ParOldGen       total 83968K, used 61799K [0x0000000080000000, 0x0000000085200000, 0x00000000d5580000)
  object space 83968K, 73% used [0x0000000080000000,0x0000000083c59c90,0x0000000085200000)
 Metaspace       used 60568K, committed 62016K, reserved 1114112K
  class space    used 6476K, committed 7104K, reserved 1048576K
}
Event: 14.760 GC heap after
{Heap after GC invocations=89 (full 3):
 PSYoungGen      total 17920K, used 2046K [0x00000000d5580000, 0x00000000d7080000, 0x0000000100000000)
  eden space 15872K, 0% used [0x00000000d5580000,0x00000000d5580000,0x00000000d6500000)
  from space 2048K, 99% used [0x00000000d6980000,0x00000000d6b7f810,0x00000000d6b80000)
  to   space 4608K, 0% used [0x00000000d6500000,0x00000000d6500000,0x00000000d6980000)
 ParOldGen       total 83968K, used 63447K [0x0000000080000000, 0x0000000085200000, 0x00000000d5580000)
  object space 83968K, 75% used [0x0000000080000000,0x0000000083df5e80,0x0000000085200000)
 Metaspace       used 60568K, committed 62016K, reserved 1114112K
  class space    used 6476K, committed 7104K, reserved 1048576K
}
Event: 14.827 GC heap before
{Heap before GC invocations=90 (full 3):
 PSYoungGen      total 17920K, used 17897K [0x00000000d5580000, 0x00000000d7080000, 0x0000000100000000)
  eden space 15872K, 99% used [0x00000000d5580000,0x00000000d64fae18,0x00000000d6500000)
  from space 2048K, 99% used [0x00000000d6980000,0x00000000d6b7f810,0x00000000d6b80000)
  to   space 4608K, 0% used [0x00000000d6500000,0x00000000d6500000,0x00000000d6980000)
 ParOldGen       total 83968K, used 63447K [0x0000000080000000, 0x0000000085200000, 0x00000000d5580000)
  object space 83968K, 75% used [0x0000000080000000,0x0000000083df5e80,0x0000000085200000)
 Metaspace       used 60744K, committed 62208K, reserved 1114112K
  class space    used 6486K, committed 7104K, reserved 1048576K
}
Event: 14.829 GC heap after
{Heap after GC invocations=90 (full 3):
 PSYoungGen      total 16896K, used 591K [0x00000000d5580000, 0x00000000d6a00000, 0x0000000100000000)
  eden space 15872K, 0% used [0x00000000d5580000,0x00000000d5580000,0x00000000d6500000)
  from space 1024K, 57% used [0x00000000d6500000,0x00000000d6593f88,0x00000000d6600000)
  to   space 2048K, 0% used [0x00000000d6800000,0x00000000d6800000,0x00000000d6a00000)
 ParOldGen       total 83968K, used 65376K [0x0000000080000000, 0x0000000085200000, 0x00000000d5580000)
  object space 83968K, 77% used [0x0000000080000000,0x0000000083fd81e8,0x0000000085200000)
 Metaspace       used 60744K, committed 62208K, reserved 1114112K
  class space    used 6486K, committed 7104K, reserved 1048576K
}
Event: 14.871 GC heap before
{Heap before GC invocations=91 (full 3):
 PSYoungGen      total 16896K, used 16437K [0x00000000d5580000, 0x00000000d6a00000, 0x0000000100000000)
  eden space 15872K, 99% used [0x00000000d5580000,0x00000000d64f9518,0x00000000d6500000)
  from space 1024K, 57% used [0x00000000d6500000,0x00000000d6593f88,0x00000000d6600000)
  to   space 2048K, 0% used [0x00000000d6800000,0x00000000d6800000,0x00000000d6a00000)
 ParOldGen       total 83968K, used 65376K [0x0000000080000000, 0x0000000085200000, 0x00000000d5580000)
  object space 83968K, 77% used [0x0000000080000000,0x0000000083fd81e8,0x0000000085200000)
 Metaspace       used 60835K, committed 62272K, reserved 1114112K
  class space    used 6497K, committed 7104K, reserved 1048576K
}
Event: 14.874 GC heap after
{Heap after GC invocations=91 (full 3):
 PSYoungGen      total 17408K, used 1516K [0x00000000d5580000, 0x00000000d6980000, 0x0000000100000000)
  eden space 15872K, 0% used [0x00000000d5580000,0x00000000d5580000,0x00000000d6500000)
  from space 1536K, 98% used [0x00000000d6800000,0x00000000d697b220,0x00000000d6980000)
  to   space 2048K, 0% used [0x00000000d6580000,0x00000000d6580000,0x00000000d6780000)
 ParOldGen       total 83968K, used 65464K [0x0000000080000000, 0x0000000085200000, 0x00000000d5580000)
  object space 83968K, 77% used [0x0000000080000000,0x0000000083fee1e8,0x0000000085200000)
 Metaspace       used 60835K, committed 62272K, reserved 1114112K
  class space    used 6497K, committed 7104K, reserved 1048576K
}
Event: 15.196 GC heap before
{Heap before GC invocations=92 (full 3):
 PSYoungGen      total 17408K, used 17388K [0x00000000d5580000, 0x00000000d6980000, 0x0000000100000000)
  eden space 15872K, 100% used [0x00000000d5580000,0x00000000d6500000,0x00000000d6500000)
  from space 1536K, 98% used [0x00000000d6800000,0x00000000d697b220,0x00000000d6980000)
  to   space 2048K, 0% used [0x00000000d6580000,0x00000000d6580000,0x00000000d6780000)
 ParOldGen       total 83968K, used 65464K [0x0000000080000000, 0x0000000085200000, 0x00000000d5580000)
  object space 83968K, 77% used [0x0000000080000000,0x0000000083fee1e8,0x0000000085200000)
 Metaspace       used 62662K, committed 64192K, reserved 1114112K
  class space    used 6659K, committed 7296K, reserved 1048576K
}
Event: 15.199 GC heap after
{Heap after GC invocations=92 (full 3):
 PSYoungGen      total 17920K, used 675K [0x00000000d5580000, 0x00000000d6880000, 0x0000000100000000)
  eden space 15872K, 0% used [0x00000000d5580000,0x00000000d5580000,0x00000000d6500000)
  from space 2048K, 33% used [0x00000000d6580000,0x00000000d6628fb0,0x00000000d6780000)
  to   space 1024K, 0% used [0x00000000d6780000,0x00000000d6780000,0x00000000d6880000)
 ParOldGen       total 83968K, used 65536K [0x0000000080000000, 0x0000000085200000, 0x00000000d5580000)
  object space 83968K, 78% used [0x0000000080000000,0x00000000840001f8,0x0000000085200000)
 Metaspace       used 62662K, committed 64192K, reserved 1114112K
  class space    used 6659K, committed 7296K, reserved 1048576K
}
Event: 15.661 GC heap before
{Heap before GC invocations=93 (full 3):
 PSYoungGen      total 17920K, used 16547K [0x00000000d5580000, 0x00000000d6880000, 0x0000000100000000)
  eden space 15872K, 99% used [0x00000000d5580000,0x00000000d64ffe18,0x00000000d6500000)
  from space 2048K, 33% used [0x00000000d6580000,0x00000000d6628fb0,0x00000000d6780000)
  to   space 1024K, 0% used [0x00000000d6780000,0x00000000d6780000,0x00000000d6880000)
 ParOldGen       total 83968K, used 65536K [0x0000000080000000, 0x0000000085200000, 0x00000000d5580000)
  object space 83968K, 78% used [0x0000000080000000,0x00000000840001f8,0x0000000085200000)
 Metaspace       used 64163K, committed 65600K, reserved 1114112K
  class space    used 6773K, committed 7360K, reserved 1048576K
}
Event: 15.665 GC heap after
{Heap after GC invocations=93 (full 3):
 PSYoungGen      total 16896K, used 1024K [0x00000000d5580000, 0x00000000d6900000, 0x0000000100000000)
  eden space 15872K, 0% used [0x00000000d5580000,0x00000000d5580000,0x00000000d6500000)
  from space 1024K, 100% used [0x00000000d6780000,0x00000000d6880000,0x00000000d6880000)
  to   space 2048K, 0% used [0x00000000d6500000,0x00000000d6500000,0x00000000d6700000)
 ParOldGen       total 83968K, used 66168K [0x0000000080000000, 0x0000000085200000, 0x00000000d5580000)
  object space 83968K, 78% used [0x0000000080000000,0x000000008409e208,0x0000000085200000)
 Metaspace       used 64163K, committed 65600K, reserved 1114112K
  class space    used 6773K, committed 7360K, reserved 1048576K
}
Event: 130.774 GC heap before
{Heap before GC invocations=94 (full 3):
 PSYoungGen      total 16896K, used 16896K [0x00000000d5580000, 0x00000000d6900000, 0x0000000100000000)
  eden space 15872K, 100% used [0x00000000d5580000,0x00000000d6500000,0x00000000d6500000)
  from space 1024K, 100% used [0x00000000d6780000,0x00000000d6880000,0x00000000d6880000)
  to   space 2048K, 0% used [0x00000000d6500000,0x00000000d6500000,0x00000000d6700000)
 ParOldGen       total 83968K, used 66168K [0x0000000080000000, 0x0000000085200000, 0x00000000d5580000)
  object space 83968K, 78% used [0x0000000080000000,0x000000008409e208,0x0000000085200000)
 Metaspace       used 65152K, committed 66624K, reserved 1114112K
  class space    used 6882K, committed 7488K, reserved 1048576K
}
Event: 130.776 GC heap after
{Heap after GC invocations=94 (full 3):
 PSYoungGen      total 17408K, used 1375K [0x00000000d5580000, 0x00000000d6800000, 0x0000000100000000)
  eden space 15872K, 0% used [0x00000000d5580000,0x00000000d5580000,0x00000000d6500000)
  from space 1536K, 89% used [0x00000000d6500000,0x00000000d6657c28,0x00000000d6680000)
  to   space 1536K, 0% used [0x00000000d6680000,0x00000000d6680000,0x00000000d6800000)
 ParOldGen       total 83968K, used 67194K [0x0000000080000000, 0x0000000085200000, 0x00000000d5580000)
  object space 83968K, 80% used [0x0000000080000000,0x000000008419e9f8,0x0000000085200000)
 Metaspace       used 65152K, committed 66624K, reserved 1114112K
  class space    used 6882K, committed 7488K, reserved 1048576K
}
Event: 131.235 GC heap before
{Heap before GC invocations=95 (full 3):
 PSYoungGen      total 17408K, used 17228K [0x00000000d5580000, 0x00000000d6800000, 0x0000000100000000)
  eden space 15872K, 99% used [0x00000000d5580000,0x00000000d64fb680,0x00000000d6500000)
  from space 1536K, 89% used [0x00000000d6500000,0x00000000d6657c28,0x00000000d6680000)
  to   space 1536K, 0% used [0x00000000d6680000,0x00000000d6680000,0x00000000d6800000)
 ParOldGen       total 83968K, used 67194K [0x0000000080000000, 0x0000000085200000, 0x00000000d5580000)
  object space 83968K, 80% used [0x0000000080000000,0x000000008419e9f8,0x0000000085200000)
 Metaspace       used 66045K, committed 67456K, reserved 1114112K
  class space    used 6966K, committed 7552K, reserved 1048576K
}
Event: 131.238 GC heap after
{Heap after GC invocations=95 (full 3):
 PSYoungGen      total 16384K, used 499K [0x00000000d5580000, 0x00000000d6700000, 0x0000000100000000)
  eden space 15872K, 0% used [0x00000000d5580000,0x00000000d5580000,0x00000000d6500000)
  from space 512K, 97% used [0x00000000d6680000,0x00000000d66fce20,0x00000000d6700000)
  to   space 1024K, 0% used [0x00000000d6500000,0x00000000d6500000,0x00000000d6600000)
 ParOldGen       total 83968K, used 68388K [0x0000000080000000, 0x0000000085200000, 0x00000000d5580000)
  object space 83968K, 81% used [0x0000000080000000,0x00000000842c9220,0x0000000085200000)
 Metaspace       used 66045K, committed 67456K, reserved 1114112K
  class space    used 6966K, committed 7552K, reserved 1048576K
}
Event: 131.419 GC heap before
{Heap before GC invocations=96 (full 3):
 PSYoungGen      total 16384K, used 16362K [0x00000000d5580000, 0x00000000d6700000, 0x0000000100000000)
  eden space 15872K, 99% used [0x00000000d5580000,0x00000000d64fdd20,0x00000000d6500000)
  from space 512K, 97% used [0x00000000d6680000,0x00000000d66fce20,0x00000000d6700000)
  to   space 1024K, 0% used [0x00000000d6500000,0x00000000d6500000,0x00000000d6600000)
 ParOldGen       total 83968K, used 68388K [0x0000000080000000, 0x0000000085200000, 0x00000000d5580000)
  object space 83968K, 81% used [0x0000000080000000,0x00000000842c9220,0x0000000085200000)
 Metaspace       used 67791K, committed 69184K, reserved 1114112K
  class space    used 7232K, committed 7808K, reserved 1048576K
}
Event: 131.421 GC heap after
{Heap after GC invocations=96 (full 3):
 PSYoungGen      total 16896K, used 576K [0x00000000d5580000, 0x00000000d6700000, 0x0000000100000000)
  eden space 15872K, 0% used [0x00000000d5580000,0x00000000d5580000,0x00000000d6500000)
  from space 1024K, 56% used [0x00000000d6500000,0x00000000d6590020,0x00000000d6600000)
  to   space 1024K, 0% used [0x00000000d6600000,0x00000000d6600000,0x00000000d6700000)
 ParOldGen       total 83968K, used 68619K [0x0000000080000000, 0x0000000085200000, 0x00000000d5580000)
  object space 83968K, 81% used [0x0000000080000000,0x0000000084302df0,0x0000000085200000)
 Metaspace       used 67791K, committed 69184K, reserved 1114112K
  class space    used 7232K, committed 7808K, reserved 1048576K
}
Event: 258.499 GC heap before
{Heap before GC invocations=97 (full 3):
 PSYoungGen      total 16896K, used 16448K [0x00000000d5580000, 0x00000000d6700000, 0x0000000100000000)
  eden space 15872K, 100% used [0x00000000d5580000,0x00000000d6500000,0x00000000d6500000)
  from space 1024K, 56% used [0x00000000d6500000,0x00000000d6590020,0x00000000d6600000)
  to   space 1024K, 0% used [0x00000000d6600000,0x00000000d6600000,0x00000000d6700000)
 ParOldGen       total 83968K, used 68619K [0x0000000080000000, 0x0000000085200000, 0x00000000d5580000)
  object space 83968K, 81% used [0x0000000080000000,0x0000000084302df0,0x0000000085200000)
 Metaspace       used 68839K, committed 70336K, reserved 1114112K
  class space    used 7353K, committed 8000K, reserved 1048576K
}
Event: 258.500 GC heap after
{Heap after GC invocations=97 (full 3):
 PSYoungGen      total 16896K, used 938K [0x00000000d5580000, 0x00000000d6700000, 0x0000000100000000)
  eden space 15872K, 0% used [0x00000000d5580000,0x00000000d5580000,0x00000000d6500000)
  from space 1024K, 91% used [0x00000000d6600000,0x00000000d66ea910,0x00000000d6700000)
  to   space 1024K, 0% used [0x00000000d6500000,0x00000000d6500000,0x00000000d6600000)
 ParOldGen       total 83968K, used 68923K [0x0000000080000000, 0x0000000085200000, 0x00000000d5580000)
  object space 83968K, 82% used [0x0000000080000000,0x000000008434ee40,0x0000000085200000)
 Metaspace       used 68839K, committed 70336K, reserved 1114112K
  class space    used 7353K, committed 8000K, reserved 1048576K
}

