# JRE version: OpenJDK Runtime Environment Temurin-21.0.10+7 (21.0.10+7) (build 21.0.10+7-LTS)
# Java VM: OpenJDK 64-Bit Server VM Temurin-21.0.10+7 (21.0.10+7-LTS, mixed mode, sharing, tiered, compressed oops, compressed class ptrs, parallel gc, windows-amd64)
GC Precious Log:
 CardTable entry size: 512
 CPUs: 16 total, 16 available
 Memory: 16202M
 Large Page Support: Disabled
 NUMA Support: Disabled
 Compressed Oops: Enabled (32-bit)
 Alignments: Space 512K, Generation 512K, Heap 2M
 Heap Min Capacity: 100M
 Heap Initial Capacity: 100M
 Heap Max Capacity: 2G
 Pre-touch: Disabled
 Parallel Workers: 13
Heap:
 PSYoungGen      total 14848K, used 13208K [0x00000000d5580000, 0x00000000d6b80000, 0x0000000100000000)
  eden space 14336K, 88% used [0x00000000d5580000,0x00000000d61e9ab0,0x00000000d6380000)
  from space 512K, 97% used [0x00000000d6880000,0x00000000d68fc5c8,0x00000000d6900000)
  to   space 4096K, 0% used [0x00000000d6380000,0x00000000d6380000,0x00000000d6780000)
 ParOldGen       total 81408K, used 81234K [0x0000000080000000, 0x0000000084f80000, 0x00000000d5580000)
  object space 81408K, 99% used [0x0000000080000000,0x0000000084f54ac0,0x0000000084f80000)
 Metaspace       used 70760K, committed 72320K, reserved 1114112K
  class space    used 7581K, committed 8256K, reserved 1048576K
GC Heap History (20 events):
Event: 23.300 GC heap before
{Heap before GC invocations=90 (full 3):
 PSYoungGen      total 20480K, used 20050K [0x00000000d5580000, 0x00000000d6d80000, 0x0000000100000000)
  eden space 18432K, 99% used [0x00000000d5580000,0x00000000d677e010,0x00000000d6780000)
  from space 2048K, 79% used [0x00000000d6b80000,0x00000000d6d16b60,0x00000000d6d80000)
  to   space 2560K, 0% used [0x00000000d6880000,0x00000000d6880000,0x00000000d6b00000)
 ParOldGen       total 78336K, used 67368K [0x0000000080000000, 0x0000000084c80000, 0x00000000d5580000)
  object space 78336K, 85% used [0x0000000080000000,0x00000000841ca010,0x0000000084c80000)
 Metaspace       used 62455K, committed 63936K, reserved 1114112K
  class space    used 6661K, committed 7296K, reserved 1048576K
}
Event: 23.305 GC heap after
{Heap after GC invocations=90 (full 3):
 PSYoungGen      total 20992K, used 480K [0x00000000d5580000, 0x00000000d6c00000, 0x0000000100000000)
  eden space 18432K, 0% used [0x00000000d5580000,0x00000000d5580000,0x00000000d6780000)
  from space 2560K, 18% used [0x00000000d6880000,0x00000000d68f8000,0x00000000d6b00000)
  to   space 1024K, 0% used [0x00000000d6b00000,0x00000000d6b00000,0x00000000d6c00000)
 ParOldGen       total 78336K, used 67689K [0x0000000080000000, 0x0000000084c80000, 0x00000000d5580000)
  object space 78336K, 86% used [0x0000000080000000,0x000000008421a700,0x0000000084c80000)
 Metaspace       used 62455K, committed 63936K, reserved 1114112K
  class space    used 6661K, committed 7296K, reserved 1048576K
}
Event: 23.524 GC heap before
{Heap before GC invocations=91 (full 3):
 PSYoungGen      total 20992K, used 18912K [0x00000000d5580000, 0x00000000d6c00000, 0x0000000100000000)
  eden space 18432K, 100% used [0x00000000d5580000,0x00000000d6780000,0x00000000d6780000)
  from space 2560K, 18% used [0x00000000d6880000,0x00000000d68f8000,0x00000000d6b00000)
  to   space 1024K, 0% used [0x00000000d6b00000,0x00000000d6b00000,0x00000000d6c00000)
 ParOldGen       total 78336K, used 67689K [0x0000000080000000, 0x0000000084c80000, 0x00000000d5580000)
  object space 78336K, 86% used [0x0000000080000000,0x000000008421a700,0x0000000084c80000)
 Metaspace       used 63369K, committed 64832K, reserved 1114112K
  class space    used 6741K, committed 7360K, reserved 1048576K
}
Event: 23.530 GC heap after
{Heap after GC invocations=91 (full 3):
 PSYoungGen      total 15360K, used 1008K [0x00000000d5580000, 0x00000000d7680000, 0x0000000100000000)
  eden space 14336K, 0% used [0x00000000d5580000,0x00000000d5580000,0x00000000d6380000)
  from space 1024K, 98% used [0x00000000d6b00000,0x00000000d6bfc030,0x00000000d6c00000)
  to   space 7680K, 0% used [0x00000000d6380000,0x00000000d6380000,0x00000000d6b00000)
 ParOldGen       total 78336K, used 72925K [0x0000000080000000, 0x0000000084c80000, 0x00000000d5580000)
  object space 78336K, 93% used [0x0000000080000000,0x0000000084737648,0x0000000084c80000)
 Metaspace       used 63369K, committed 64832K, reserved 1114112K
  class space    used 6741K, committed 7360K, reserved 1048576K
}
Event: 23.922 GC heap before
{Heap before GC invocations=92 (full 3):
 PSYoungGen      total 15360K, used 15329K [0x00000000d5580000, 0x00000000d7680000, 0x0000000100000000)
  eden space 14336K, 99% used [0x00000000d5580000,0x00000000d637c630,0x00000000d6380000)
  from space 1024K, 98% used [0x00000000d6b00000,0x00000000d6bfc030,0x00000000d6c00000)
  to   space 7680K, 0% used [0x00000000d6380000,0x00000000d6380000,0x00000000d6b00000)
 ParOldGen       total 78336K, used 73030K [0x0000000080000000, 0x0000000084c80000, 0x00000000d5580000)
  object space 78336K, 93% used [0x0000000080000000,0x0000000084751998,0x0000000084c80000)
 Metaspace       used 64605K, committed 66048K, reserved 1114112K
  class space    used 6849K, committed 7488K, reserved 1048576K
}
Event: 23.925 GC heap after
{Heap after GC invocations=92 (full 3):
 PSYoungGen      total 15872K, used 1140K [0x00000000d5580000, 0x00000000d6d80000, 0x0000000100000000)
  eden space 14336K, 0% used [0x00000000d5580000,0x00000000d5580000,0x00000000d6380000)
  from space 1536K, 74% used [0x00000000d6380000,0x00000000d649d220,0x00000000d6500000)
  to   space 3072K, 0% used [0x00000000d6a80000,0x00000000d6a80000,0x00000000d6d80000)
 ParOldGen       total 78336K, used 73862K [0x0000000080000000, 0x0000000084c80000, 0x00000000d5580000)
  object space 78336K, 94% used [0x0000000080000000,0x00000000848219b8,0x0000000084c80000)
 Metaspace       used 64605K, committed 66048K, reserved 1114112K
  class space    used 6849K, committed 7488K, reserved 1048576K
}
Event: 24.324 GC heap before
{Heap before GC invocations=93 (full 3):
 PSYoungGen      total 15872K, used 15476K [0x00000000d5580000, 0x00000000d6d80000, 0x0000000100000000)
  eden space 14336K, 100% used [0x00000000d5580000,0x00000000d6380000,0x00000000d6380000)
  from space 1536K, 74% used [0x00000000d6380000,0x00000000d649d220,0x00000000d6500000)
  to   space 3072K, 0% used [0x00000000d6a80000,0x00000000d6a80000,0x00000000d6d80000)
 ParOldGen       total 78336K, used 73865K [0x0000000080000000, 0x0000000084c80000, 0x00000000d5580000)
  object space 78336K, 94% used [0x0000000080000000,0x0000000084822468,0x0000000084c80000)
 Metaspace       used 65478K, committed 66880K, reserved 1114112K
  class space    used 6922K, committed 7552K, reserved 1048576K
}
Event: 24.329 GC heap after
{Heap after GC invocations=93 (full 3):
 PSYoungGen      total 16896K, used 2409K [0x00000000d5580000, 0x00000000d6d00000, 0x0000000100000000)
  eden space 14336K, 0% used [0x00000000d5580000,0x00000000d5580000,0x00000000d6380000)
  from space 2560K, 94% used [0x00000000d6a80000,0x00000000d6cda4b0,0x00000000d6d00000)
  to   space 3072K, 0% used [0x00000000d6700000,0x00000000d6700000,0x00000000d6a00000)
 ParOldGen       total 78336K, used 74789K [0x0000000080000000, 0x0000000084c80000, 0x00000000d5580000)
  object space 78336K, 95% used [0x0000000080000000,0x0000000084909688,0x0000000084c80000)
 Metaspace       used 65478K, committed 66880K, reserved 1114112K
  class space    used 6922K, committed 7552K, reserved 1048576K
}
Event: 24.828 GC heap before
{Heap before GC invocations=94 (full 3):
 PSYoungGen      total 16896K, used 16745K [0x00000000d5580000, 0x00000000d6d00000, 0x0000000100000000)
  eden space 14336K, 100% used [0x00000000d5580000,0x00000000d6380000,0x00000000d6380000)
  from space 2560K, 94% used [0x00000000d6a80000,0x00000000d6cda4b0,0x00000000d6d00000)
  to   space 3072K, 0% used [0x00000000d6700000,0x00000000d6700000,0x00000000d6a00000)
 ParOldGen       total 78336K, used 74789K [0x0000000080000000, 0x0000000084c80000, 0x00000000d5580000)
  object space 78336K, 95% used [0x0000000080000000,0x0000000084909688,0x0000000084c80000)
 Metaspace       used 66775K, committed 68224K, reserved 1114112K
  class space    used 7061K, committed 7680K, reserved 1048576K
}
Event: 24.834 GC heap after
{Heap after GC invocations=94 (full 3):
 PSYoungGen      total 16384K, used 1857K [0x00000000d5580000, 0x00000000d6b00000, 0x0000000100000000)
  eden space 14336K, 0% used [0x00000000d5580000,0x00000000d5580000,0x00000000d6380000)
  from space 2048K, 90% used [0x00000000d6700000,0x00000000d68d0738,0x00000000d6900000)
  to   space 2048K, 0% used [0x00000000d6900000,0x00000000d6900000,0x00000000d6b00000)
 ParOldGen       total 78336K, used 76391K [0x0000000080000000, 0x0000000084c80000, 0x00000000d5580000)
  object space 78336K, 97% used [0x0000000080000000,0x0000000084a99e98,0x0000000084c80000)
 Metaspace       used 66775K, committed 68224K, reserved 1114112K
  class space    used 7061K, committed 7680K, reserved 1048576K
}
Event: 25.001 GC heap before
{Heap before GC invocations=95 (full 3):
 PSYoungGen      total 16384K, used 16073K [0x00000000d5580000, 0x00000000d6b00000, 0x0000000100000000)
  eden space 14336K, 99% used [0x00000000d5580000,0x00000000d6362070,0x00000000d6380000)
  from space 2048K, 90% used [0x00000000d6700000,0x00000000d68d0738,0x00000000d6900000)
  to   space 2048K, 0% used [0x00000000d6900000,0x00000000d6900000,0x00000000d6b00000)
 ParOldGen       total 78336K, used 76391K [0x0000000080000000, 0x0000000084c80000, 0x00000000d5580000)
  object space 78336K, 97% used [0x0000000080000000,0x0000000084a99e98,0x0000000084c80000)
 Metaspace       used 67349K, committed 68800K, reserved 1114112K
  class space    used 7117K, committed 7744K, reserved 1048576K
}
Event: 25.003 GC heap after
{Heap after GC invocations=95 (full 3):
 PSYoungGen      total 14848K, used 433K [0x00000000d5580000, 0x00000000d6980000, 0x0000000100000000)
  eden space 14336K, 0% used [0x00000000d5580000,0x00000000d5580000,0x00000000d6380000)
  from space 512K, 84% used [0x00000000d6900000,0x00000000d696c5a8,0x00000000d6980000)
  to   space 1024K, 0% used [0x00000000d6780000,0x00000000d6780000,0x00000000d6880000)
 ParOldGen       total 78336K, used 77452K [0x0000000080000000, 0x0000000084c80000, 0x00000000d5580000)
  object space 78336K, 98% used [0x0000000080000000,0x0000000084ba30f0,0x0000000084c80000)
 Metaspace       used 67349K, committed 68800K, reserved 1114112K
  class space    used 7117K, committed 7744K, reserved 1048576K
}
Event: 25.356 GC heap before
{Heap before GC invocations=96 (full 3):
 PSYoungGen      total 14848K, used 14769K [0x00000000d5580000, 0x00000000d6980000, 0x0000000100000000)
  eden space 14336K, 100% used [0x00000000d5580000,0x00000000d6380000,0x00000000d6380000)
  from space 512K, 84% used [0x00000000d6900000,0x00000000d696c5a8,0x00000000d6980000)
  to   space 1024K, 0% used [0x00000000d6780000,0x00000000d6780000,0x00000000d6880000)
 ParOldGen       total 78336K, used 77452K [0x0000000080000000, 0x0000000084c80000, 0x00000000d5580000)
  object space 78336K, 98% used [0x0000000080000000,0x0000000084ba30f0,0x0000000084c80000)
 Metaspace       used 68693K, committed 70208K, reserved 1114112K
  class space    used 7291K, committed 7936K, reserved 1048576K
}
Event: 25.358 GC heap after
{Heap after GC invocations=96 (full 3):
 PSYoungGen      total 15360K, used 512K [0x00000000d5580000, 0x00000000d6980000, 0x0000000100000000)
  eden space 14336K, 0% used [0x00000000d5580000,0x00000000d5580000,0x00000000d6380000)
  from space 1024K, 50% used [0x00000000d6780000,0x00000000d6800040,0x00000000d6880000)
  to   space 1024K, 0% used [0x00000000d6880000,0x00000000d6880000,0x00000000d6980000)
 ParOldGen       total 78336K, used 77651K [0x0000000080000000, 0x0000000084c80000, 0x00000000d5580000)
  object space 78336K, 99% used [0x0000000080000000,0x0000000084bd4cb0,0x0000000084c80000)
 Metaspace       used 68693K, committed 70208K, reserved 1114112K
  class space    used 7291K, committed 7936K, reserved 1048576K
}
Event: 27.247 GC heap before
{Heap before GC invocations=97 (full 3):
 PSYoungGen      total 15360K, used 14848K [0x00000000d5580000, 0x00000000d6980000, 0x0000000100000000)
  eden space 14336K, 100% used [0x00000000d5580000,0x00000000d6380000,0x00000000d6380000)
  from space 1024K, 50% used [0x00000000d6780000,0x00000000d6800040,0x00000000d6880000)
  to   space 1024K, 0% used [0x00000000d6880000,0x00000000d6880000,0x00000000d6980000)
 ParOldGen       total 78336K, used 77651K [0x0000000080000000, 0x0000000084c80000, 0x00000000d5580000)
  object space 78336K, 99% used [0x0000000080000000,0x0000000084bd4cb0,0x0000000084c80000)
 Metaspace       used 69850K, committed 71424K, reserved 1114112K
  class space    used 7499K, committed 8192K, reserved 1048576K
}
Event: 27.248 GC heap after
{Heap after GC invocations=97 (full 3):
 PSYoungGen      total 15360K, used 736K [0x00000000d5580000, 0x00000000d6980000, 0x0000000100000000)
  eden space 14336K, 0% used [0x00000000d5580000,0x00000000d5580000,0x00000000d6380000)
  from space 1024K, 71% used [0x00000000d6880000,0x00000000d6938040,0x00000000d6980000)
  to   space 1024K, 0% used [0x00000000d6780000,0x00000000d6780000,0x00000000d6880000)
 ParOldGen       total 78336K, used 77915K [0x0000000080000000, 0x0000000084c80000, 0x00000000d5580000)
  object space 78336K, 99% used [0x0000000080000000,0x0000000084c16d00,0x0000000084c80000)
 Metaspace       used 69850K, committed 71424K, reserved 1114112K
  class space    used 7499K, committed 8192K, reserved 1048576K
}
Event: 31.512 GC heap before
{Heap before GC invocations=98 (full 3):
 PSYoungGen      total 15360K, used 15071K [0x00000000d5580000, 0x00000000d6980000, 0x0000000100000000)
  eden space 14336K, 99% used [0x00000000d5580000,0x00000000d637ff08,0x00000000d6380000)
  from space 1024K, 71% used [0x00000000d6880000,0x00000000d6938040,0x00000000d6980000)
  to   space 1024K, 0% used [0x00000000d6780000,0x00000000d6780000,0x00000000d6880000)
 ParOldGen       total 78336K, used 77915K [0x0000000080000000, 0x0000000084c80000, 0x00000000d5580000)
  object space 78336K, 99% used [0x0000000080000000,0x0000000084c16d00,0x0000000084c80000)
 Metaspace       used 70194K, committed 71744K, reserved 1114112K
  class space    used 7523K, committed 8256K, reserved 1048576K
}
Event: 31.515 GC heap after
{Heap after GC invocations=98 (full 3):
 PSYoungGen      total 15360K, used 352K [0x00000000d5580000, 0x00000000d6900000, 0x0000000100000000)
  eden space 14336K, 0% used [0x00000000d5580000,0x00000000d5580000,0x00000000d6380000)
  from space 1024K, 34% used [0x00000000d6780000,0x00000000d67d8020,0x00000000d6880000)
  to   space 512K, 0% used [0x00000000d6880000,0x00000000d6880000,0x00000000d6900000)
 ParOldGen       total 78336K, used 78331K [0x0000000080000000, 0x0000000084c80000, 0x00000000d5580000)
  object space 78336K, 99% used [0x0000000080000000,0x0000000084c7ed20,0x0000000084c80000)
 Metaspace       used 70194K, committed 71744K, reserved 1114112K
  class space    used 7523K, committed 8256K, reserved 1048576K
}
Event: 36.547 GC heap before
{Heap before GC invocations=99 (full 3):
 PSYoungGen      total 15360K, used 14688K [0x00000000d5580000, 0x00000000d6900000, 0x0000000100000000)
  eden space 14336K, 100% used [0x00000000d5580000,0x00000000d6380000,0x00000000d6380000)
  from space 1024K, 34% used [0x00000000d6780000,0x00000000d67d8020,0x00000000d6880000)
  to   space 512K, 0% used [0x00000000d6880000,0x00000000d6880000,0x00000000d6900000)
 ParOldGen       total 78336K, used 78331K [0x0000000080000000, 0x0000000084c80000, 0x00000000d5580000)
  object space 78336K, 99% used [0x0000000080000000,0x0000000084c7ed20,0x0000000084c80000)
 Metaspace       used 70592K, committed 72128K, reserved 1114112K
  class space    used 7550K, committed 8256K, reserved 1048576K
}
Event: 37.563 GC heap after
{Heap after GC invocations=99 (full 3):
 PSYoungGen      total 14848K, used 497K [0x00000000d5580000, 0x00000000d6b80000, 0x0000000100000000)
  eden space 14336K, 0% used [0x00000000d5580000,0x00000000d5580000,0x00000000d6380000)
  from space 512K, 97% used [0x00000000d6880000,0x00000000d68fc5c8,0x00000000d6900000)
  to   space 4096K, 0% used [0x00000000d6380000,0x00000000d6380000,0x00000000d6780000)
 ParOldGen       total 81408K, used 81234K [0x0000000080000000, 0x0000000084f80000, 0x00000000d5580000)
  object space 81408K, 99% used [0x0000000080000000,0x0000000084f54ac0,0x0000000084f80000)
 Metaspace       used 70592K, committed 72128K, reserved 1114112K
  class space    used 7550K, committed 8256K, reserved 1048576K
}

