# JRE version: OpenJDK Runtime Environment Temurin-21.0.10+7 (21.0.10+7) (build 21.0.10+7-LTS)
# Java VM: OpenJDK 64-Bit Server VM Temurin-21.0.10+7 (21.0.10+7-LTS, mixed mode, sharing, tiered, compressed oops, compressed class ptrs, g1 gc, windows-amd64)
GC Precious Log:
 CardTable entry size: 512
 Card Set container configuration: InlinePtr #cards 4 size 8 Array Of Cards #cards 16 size 48 Howl #buckets 8 coarsen threshold 3686 Howl Bitmap #cards 512 size 80 coarsen threshold 460 Card regions per heap region 1 cards per card region 4096
 CPUs: 16 total, 16 available
 Memory: 16202M
 Large Page Support: Disabled
 NUMA Support: Disabled
 Compressed Oops: Enabled (Zero based)
 Heap Region Size: 2M
 Heap Min Capacity: 8M
 Heap Initial Capacity: 254M
 Heap Max Capacity: 4052M
 Pre-touch: Disabled
 Parallel Workers: 13
 Concurrent Workers: 3
 Concurrent Refinement Workers: 13
 Periodic GC: Disabled
Heap:
 garbage-first heap   total 59392K, used 27058K [0x0000000702c00000, 0x0000000800000000)
  region size 2048K, 2 young (4096K), 2 survivors (4096K)
 Metaspace       used 65782K, committed 66496K, reserved 1114112K
  class space    used 9263K, committed 9600K, reserved 1048576K
GC Heap History (20 events):
Event: 0.795 GC heap after
{Heap after GC invocations=1 (full 0):
 garbage-first heap   total 260096K, used 6819K [0x0000000702c00000, 0x0000000800000000)
  region size 2048K, 2 young (4096K), 2 survivors (4096K)
 Metaspace       used 4884K, committed 5056K, reserved 1114112K
  class space    used 562K, committed 640K, reserved 1048576K
}
Event: 1.349 GC heap before
{Heap before GC invocations=1 (full 0):
 garbage-first heap   total 260096K, used 33443K [0x0000000702c00000, 0x0000000800000000)
  region size 2048K, 15 young (30720K), 2 survivors (4096K)
 Metaspace       used 12507K, committed 12800K, reserved 1114112K
  class space    used 1651K, committed 1792K, reserved 1048576K
}
Event: 1.353 GC heap after
{Heap after GC invocations=2 (full 0):
 garbage-first heap   total 260096K, used 10194K [0x0000000702c00000, 0x0000000800000000)
  region size 2048K, 2 young (4096K), 2 survivors (4096K)
 Metaspace       used 12507K, committed 12800K, reserved 1114112K
  class space    used 1651K, committed 1792K, reserved 1048576K
}
Event: 2.899 GC heap before
{Heap before GC invocations=2 (full 0):
 garbage-first heap   total 260096K, used 45010K [0x0000000702c00000, 0x0000000800000000)
  region size 2048K, 20 young (40960K), 2 survivors (4096K)
 Metaspace       used 21085K, committed 21504K, reserved 1114112K
  class space    used 2756K, committed 2944K, reserved 1048576K
}
Event: 2.903 GC heap after
{Heap after GC invocations=3 (full 0):
 garbage-first heap   total 260096K, used 13535K [0x0000000702c00000, 0x0000000800000000)
  region size 2048K, 3 young (6144K), 3 survivors (6144K)
 Metaspace       used 21085K, committed 21504K, reserved 1114112K
  class space    used 2756K, committed 2944K, reserved 1048576K
}
Event: 3.662 GC heap before
{Heap before GC invocations=4 (full 0):
 garbage-first heap   total 49152K, used 48351K [0x0000000702c00000, 0x0000000800000000)
  region size 2048K, 20 young (40960K), 3 survivors (6144K)
 Metaspace       used 25670K, committed 26176K, reserved 1114112K
  class space    used 3357K, committed 3584K, reserved 1048576K
}
Event: 3.668 GC heap after
{Heap after GC invocations=5 (full 0):
 garbage-first heap   total 59392K, used 16310K [0x0000000702c00000, 0x0000000800000000)
  region size 2048K, 5 young (10240K), 5 survivors (10240K)
 Metaspace       used 25670K, committed 26176K, reserved 1114112K
  class space    used 3357K, committed 3584K, reserved 1048576K
}
Event: 4.324 GC heap before
{Heap before GC invocations=5 (full 0):
 garbage-first heap   total 59392K, used 40886K [0x0000000702c00000, 0x0000000800000000)
  region size 2048K, 17 young (34816K), 5 survivors (10240K)
 Metaspace       used 30338K, committed 30848K, reserved 1114112K
  class space    used 4050K, committed 4288K, reserved 1048576K
}
Event: 4.334 GC heap after
{Heap after GC invocations=6 (full 0):
 garbage-first heap   total 59392K, used 17649K [0x0000000702c00000, 0x0000000800000000)
  region size 2048K, 3 young (6144K), 3 survivors (6144K)
 Metaspace       used 30338K, committed 30848K, reserved 1114112K
  class space    used 4050K, committed 4288K, reserved 1048576K
}
Event: 5.116 GC heap before
{Heap before GC invocations=6 (full 0):
 garbage-first heap   total 59392K, used 38129K [0x0000000702c00000, 0x0000000800000000)
  region size 2048K, 14 young (28672K), 3 survivors (6144K)
 Metaspace       used 35462K, committed 35968K, reserved 1114112K
  class space    used 4648K, committed 4864K, reserved 1048576K
}
Event: 5.119 GC heap after
{Heap after GC invocations=7 (full 0):
 garbage-first heap   total 59392K, used 20139K [0x0000000702c00000, 0x0000000800000000)
  region size 2048K, 2 young (4096K), 2 survivors (4096K)
 Metaspace       used 35462K, committed 35968K, reserved 1114112K
  class space    used 4648K, committed 4864K, reserved 1048576K
}
Event: 5.777 GC heap before
{Heap before GC invocations=8 (full 0):
 garbage-first heap   total 59392K, used 46763K [0x0000000702c00000, 0x0000000800000000)
  region size 2048K, 15 young (30720K), 2 survivors (4096K)
 Metaspace       used 42188K, committed 42752K, reserved 1114112K
  class space    used 5899K, committed 6144K, reserved 1048576K
}
Event: 5.781 GC heap after
{Heap after GC invocations=9 (full 0):
 garbage-first heap   total 59392K, used 21655K [0x0000000702c00000, 0x0000000800000000)
  region size 2048K, 2 young (4096K), 2 survivors (4096K)
 Metaspace       used 42188K, committed 42752K, reserved 1114112K
  class space    used 5899K, committed 6144K, reserved 1048576K
}
Event: 6.923 GC heap before
{Heap before GC invocations=9 (full 0):
 garbage-first heap   total 59392K, used 48279K [0x0000000702c00000, 0x0000000800000000)
  region size 2048K, 15 young (30720K), 2 survivors (4096K)
 Metaspace       used 50449K, committed 51072K, reserved 1114112K
  class space    used 6915K, committed 7168K, reserved 1048576K
}
Event: 6.928 GC heap after
{Heap after GC invocations=10 (full 0):
 garbage-first heap   total 59392K, used 23492K [0x0000000702c00000, 0x0000000800000000)
  region size 2048K, 2 young (4096K), 2 survivors (4096K)
 Metaspace       used 50449K, committed 51072K, reserved 1114112K
  class space    used 6915K, committed 7168K, reserved 1048576K
}
Event: 7.481 GC heap before
{Heap before GC invocations=10 (full 0):
 garbage-first heap   total 59392K, used 48068K [0x0000000702c00000, 0x0000000800000000)
  region size 2048K, 15 young (30720K), 2 survivors (4096K)
 Metaspace       used 58223K, committed 58944K, reserved 1114112K
  class space    used 8080K, committed 8384K, reserved 1048576K
}
Event: 7.485 GC heap after
{Heap after GC invocations=11 (full 0):
 garbage-first heap   total 59392K, used 24622K [0x0000000702c00000, 0x0000000800000000)
  region size 2048K, 2 young (4096K), 2 survivors (4096K)
 Metaspace       used 58223K, committed 58944K, reserved 1114112K
  class space    used 8080K, committed 8384K, reserved 1048576K
}
Event: 7.662 GC heap before
{Heap before GC invocations=11 (full 0):
 garbage-first heap   total 59392K, used 28718K [0x0000000702c00000, 0x0000000800000000)
  region size 2048K, 5 young (10240K), 2 survivors (4096K)
 Metaspace       used 59517K, committed 60160K, reserved 1114112K
  class space    used 8322K, committed 8640K, reserved 1048576K
}
Event: 7.665 GC heap after
{Heap after GC invocations=12 (full 0):
 garbage-first heap   total 59392K, used 25096K [0x0000000702c00000, 0x0000000800000000)
  region size 2048K, 1 young (2048K), 1 survivors (2048K)
 Metaspace       used 59517K, committed 60160K, reserved 1114112K
  class space    used 8322K, committed 8640K, reserved 1048576K
}
Event: 8.480 GC heap before
{Heap before GC invocations=13 (full 0):
 garbage-first heap   total 59392K, used 49672K [0x0000000702c00000, 0x0000000800000000)
  region size 2048K, 14 young (28672K), 1 survivors (2048K)
 Metaspace       used 65782K, committed 66496K, reserved 1114112K
  class space    used 9263K, committed 9600K, reserved 1048576K
}

