# JRE version: OpenJDK Runtime Environment Temurin-21.0.10+7 (21.0.10+7) (build 21.0.10+7-LTS)
# Java VM: OpenJDK 64-Bit Server VM Temurin-21.0.10+7 (21.0.10+7-LTS, mixed mode, sharing, tiered, compressed oops, compressed class ptrs, parallel gc, windows-amd64)
GC Precious Log:
 CardTable entry size: 512
 CPUs: 16 total, 16 available
 Memory: 16202M
 Large Page Support: Disabled
 NUMA Support: Disabled
 Compressed Oops: Enabled (32-bit)
 Alignments: Space 512K, Generation 512K, Heap 2M
 Heap Min Capacity: 100M
 Heap Initial Capacity: 100M
 Heap Max Capacity: 2G
 Pre-touch: Disabled
 Parallel Workers: 13
Heap:
 PSYoungGen      total 19456K, used 17289K [0x00000000d5580000, 0x00000000d6c80000, 0x0000000100000000)
  eden space 17920K, 88% used [0x00000000d5580000,0x00000000d6512e00,0x00000000d6700000)
  from space 1536K, 87% used [0x00000000d6b00000,0x00000000d6c4f6c0,0x00000000d6c80000)
  to   space 1536K, 0% used [0x00000000d6980000,0x00000000d6980000,0x00000000d6b00000)
 ParOldGen       total 68608K, used 34127K [0x0000000080000000, 0x0000000084300000, 0x00000000d5580000)
  object space 68608K, 49% used [0x0000000080000000,0x0000000082153eb8,0x0000000084300000)
 Metaspace       used 47233K, committed 48576K, reserved 1114112K
  class space    used 5140K, committed 5696K, reserved 1048576K
GC Heap History (20 events):
Event: 10.922 GC heap before
{Heap before GC invocations=13 (full 1):
 PSYoungGen      total 25600K, used 25200K [0x00000000d5580000, 0x00000000d7280000, 0x0000000100000000)
  eden space 23040K, 100% used [0x00000000d5580000,0x00000000d6c00000,0x00000000d6c00000)
  from space 2560K, 84% used [0x00000000d6c80000,0x00000000d6e9c238,0x00000000d6f00000)
  to   space 3072K, 0% used [0x00000000d6f80000,0x00000000d6f80000,0x00000000d7280000)
 ParOldGen       total 68608K, used 16714K [0x0000000080000000, 0x0000000084300000, 0x00000000d5580000)
  object space 68608K, 24% used [0x0000000080000000,0x0000000081052968,0x0000000084300000)
 Metaspace       used 33860K, committed 35008K, reserved 1114112K
  class space    used 3443K, committed 3968K, reserved 1048576K
}
Event: 10.925 GC heap after
{Heap after GC invocations=13 (full 1):
 PSYoungGen      total 25088K, used 2544K [0x00000000d5580000, 0x00000000d7200000, 0x0000000100000000)
  eden space 22528K, 0% used [0x00000000d5580000,0x00000000d5580000,0x00000000d6b80000)
  from space 2560K, 99% used [0x00000000d6f80000,0x00000000d71fc010,0x00000000d7200000)
  to   space 3072K, 0% used [0x00000000d6c00000,0x00000000d6c00000,0x00000000d6f00000)
 ParOldGen       total 68608K, used 18637K [0x0000000080000000, 0x0000000084300000, 0x00000000d5580000)
  object space 68608K, 27% used [0x0000000080000000,0x0000000081233598,0x0000000084300000)
 Metaspace       used 33860K, committed 35008K, reserved 1114112K
  class space    used 3443K, committed 3968K, reserved 1048576K
}
Event: 11.000 GC heap before
{Heap before GC invocations=14 (full 1):
 PSYoungGen      total 25088K, used 9704K [0x00000000d5580000, 0x00000000d7200000, 0x0000000100000000)
  eden space 22528K, 31% used [0x00000000d5580000,0x00000000d5c7e310,0x00000000d6b80000)
  from space 2560K, 99% used [0x00000000d6f80000,0x00000000d71fc010,0x00000000d7200000)
  to   space 3072K, 0% used [0x00000000d6c00000,0x00000000d6c00000,0x00000000d6f00000)
 ParOldGen       total 68608K, used 18637K [0x0000000080000000, 0x0000000084300000, 0x00000000d5580000)
  object space 68608K, 27% used [0x0000000080000000,0x0000000081233598,0x0000000084300000)
 Metaspace       used 34695K, committed 35840K, reserved 1114112K
  class space    used 3536K, committed 4032K, reserved 1048576K
}
Event: 11.002 GC heap after
{Heap after GC invocations=14 (full 1):
 PSYoungGen      total 23552K, used 800K [0x00000000d5580000, 0x00000000d7000000, 0x0000000100000000)
  eden space 22528K, 0% used [0x00000000d5580000,0x00000000d5580000,0x00000000d6b80000)
  from space 1024K, 78% used [0x00000000d6c00000,0x00000000d6cc8000,0x00000000d6d00000)
  to   space 1536K, 0% used [0x00000000d6e80000,0x00000000d6e80000,0x00000000d7000000)
 ParOldGen       total 68608K, used 20948K [0x0000000080000000, 0x0000000084300000, 0x00000000d5580000)
  object space 68608K, 30% used [0x0000000080000000,0x0000000081475220,0x0000000084300000)
 Metaspace       used 34695K, committed 35840K, reserved 1114112K
  class space    used 3536K, committed 4032K, reserved 1048576K
}
Event: 11.002 GC heap before
{Heap before GC invocations=15 (full 2):
 PSYoungGen      total 23552K, used 800K [0x00000000d5580000, 0x00000000d7000000, 0x0000000100000000)
  eden space 22528K, 0% used [0x00000000d5580000,0x00000000d5580000,0x00000000d6b80000)
  from space 1024K, 78% used [0x00000000d6c00000,0x00000000d6cc8000,0x00000000d6d00000)
  to   space 1536K, 0% used [0x00000000d6e80000,0x00000000d6e80000,0x00000000d7000000)
 ParOldGen       total 68608K, used 20948K [0x0000000080000000, 0x0000000084300000, 0x00000000d5580000)
  object space 68608K, 30% used [0x0000000080000000,0x0000000081475220,0x0000000084300000)
 Metaspace       used 34695K, committed 35840K, reserved 1114112K
  class space    used 3536K, committed 4032K, reserved 1048576K
}
Event: 11.022 GC heap after
{Heap after GC invocations=15 (full 2):
 PSYoungGen      total 23552K, used 0K [0x00000000d5580000, 0x00000000d7000000, 0x0000000100000000)
  eden space 22528K, 0% used [0x00000000d5580000,0x00000000d5580000,0x00000000d6b80000)
  from space 1024K, 0% used [0x00000000d6c00000,0x00000000d6c00000,0x00000000d6d00000)
  to   space 1536K, 0% used [0x00000000d6e80000,0x00000000d6e80000,0x00000000d7000000)
 ParOldGen       total 68608K, used 20090K [0x0000000080000000, 0x0000000084300000, 0x00000000d5580000)
  object space 68608K, 29% used [0x0000000080000000,0x000000008139eb18,0x0000000084300000)
 Metaspace       used 34695K, committed 35840K, reserved 1114112K
  class space    used 3536K, committed 4032K, reserved 1048576K
}
Event: 11.284 GC heap before
{Heap before GC invocations=16 (full 2):
 PSYoungGen      total 23552K, used 22528K [0x00000000d5580000, 0x00000000d7000000, 0x0000000100000000)
  eden space 22528K, 100% used [0x00000000d5580000,0x00000000d6b80000,0x00000000d6b80000)
  from space 1024K, 0% used [0x00000000d6c00000,0x00000000d6c00000,0x00000000d6d00000)
  to   space 1536K, 0% used [0x00000000d6e80000,0x00000000d6e80000,0x00000000d7000000)
 ParOldGen       total 68608K, used 20090K [0x0000000080000000, 0x0000000084300000, 0x00000000d5580000)
  object space 68608K, 29% used [0x0000000080000000,0x000000008139eb18,0x0000000084300000)
 Metaspace       used 36484K, committed 37632K, reserved 1114112K
  class space    used 3757K, committed 4288K, reserved 1048576K
}
Event: 11.286 GC heap after
{Heap after GC invocations=16 (full 2):
 PSYoungGen      total 19456K, used 1536K [0x00000000d5580000, 0x00000000d7a00000, 0x0000000100000000)
  eden space 17920K, 0% used [0x00000000d5580000,0x00000000d5580000,0x00000000d6700000)
  from space 1536K, 100% used [0x00000000d6e80000,0x00000000d7000000,0x00000000d7000000)
  to   space 7680K, 0% used [0x00000000d6700000,0x00000000d6700000,0x00000000d6e80000)
 ParOldGen       total 68608K, used 24785K [0x0000000080000000, 0x0000000084300000, 0x00000000d5580000)
  object space 68608K, 36% used [0x0000000080000000,0x0000000081834740,0x0000000084300000)
 Metaspace       used 36484K, committed 37632K, reserved 1114112K
  class space    used 3757K, committed 4288K, reserved 1048576K
}
Event: 11.519 GC heap before
{Heap before GC invocations=17 (full 2):
 PSYoungGen      total 19456K, used 19456K [0x00000000d5580000, 0x00000000d7a00000, 0x0000000100000000)
  eden space 17920K, 100% used [0x00000000d5580000,0x00000000d6700000,0x00000000d6700000)
  from space 1536K, 100% used [0x00000000d6e80000,0x00000000d7000000,0x00000000d7000000)
  to   space 7680K, 0% used [0x00000000d6700000,0x00000000d6700000,0x00000000d6e80000)
 ParOldGen       total 68608K, used 24785K [0x0000000080000000, 0x0000000084300000, 0x00000000d5580000)
  object space 68608K, 36% used [0x0000000080000000,0x0000000081834740,0x0000000084300000)
 Metaspace       used 37772K, committed 38976K, reserved 1114112K
  class space    used 3953K, committed 4544K, reserved 1048576K
}
Event: 11.522 GC heap after
{Heap after GC invocations=17 (full 2):
 PSYoungGen      total 23040K, used 4925K [0x00000000d5580000, 0x00000000d7200000, 0x0000000100000000)
  eden space 17920K, 0% used [0x00000000d5580000,0x00000000d5580000,0x00000000d6700000)
  from space 5120K, 96% used [0x00000000d6700000,0x00000000d6bcf690,0x00000000d6c00000)
  to   space 5632K, 0% used [0x00000000d6c80000,0x00000000d6c80000,0x00000000d7200000)
 ParOldGen       total 68608K, used 26351K [0x0000000080000000, 0x0000000084300000, 0x00000000d5580000)
  object space 68608K, 38% used [0x0000000080000000,0x00000000819bbf88,0x0000000084300000)
 Metaspace       used 37772K, committed 38976K, reserved 1114112K
  class space    used 3953K, committed 4544K, reserved 1048576K
}
Event: 11.761 GC heap before
{Heap before GC invocations=18 (full 2):
 PSYoungGen      total 23040K, used 22845K [0x00000000d5580000, 0x00000000d7200000, 0x0000000100000000)
  eden space 17920K, 100% used [0x00000000d5580000,0x00000000d6700000,0x00000000d6700000)
  from space 5120K, 96% used [0x00000000d6700000,0x00000000d6bcf690,0x00000000d6c00000)
  to   space 5632K, 0% used [0x00000000d6c80000,0x00000000d6c80000,0x00000000d7200000)
 ParOldGen       total 68608K, used 26351K [0x0000000080000000, 0x0000000084300000, 0x00000000d5580000)
  object space 68608K, 38% used [0x0000000080000000,0x00000000819bbf88,0x0000000084300000)
 Metaspace       used 38854K, committed 40064K, reserved 1114112K
  class space    used 4094K, committed 4672K, reserved 1048576K
}
Event: 11.764 GC heap after
{Heap after GC invocations=18 (full 2):
 PSYoungGen      total 18944K, used 608K [0x00000000d5580000, 0x00000000d6d80000, 0x0000000100000000)
  eden space 17920K, 0% used [0x00000000d5580000,0x00000000d5580000,0x00000000d6700000)
  from space 1024K, 59% used [0x00000000d6c80000,0x00000000d6d18000,0x00000000d6d80000)
  to   space 2560K, 0% used [0x00000000d6880000,0x00000000d6880000,0x00000000d6b00000)
 ParOldGen       total 68608K, used 30983K [0x0000000080000000, 0x0000000084300000, 0x00000000d5580000)
  object space 68608K, 45% used [0x0000000080000000,0x0000000081e41f88,0x0000000084300000)
 Metaspace       used 38854K, committed 40064K, reserved 1114112K
  class space    used 4094K, committed 4672K, reserved 1048576K
}
Event: 11.970 GC heap before
{Heap before GC invocations=19 (full 2):
 PSYoungGen      total 18944K, used 18528K [0x00000000d5580000, 0x00000000d6d80000, 0x0000000100000000)
  eden space 17920K, 100% used [0x00000000d5580000,0x00000000d6700000,0x00000000d6700000)
  from space 1024K, 59% used [0x00000000d6c80000,0x00000000d6d18000,0x00000000d6d80000)
  to   space 2560K, 0% used [0x00000000d6880000,0x00000000d6880000,0x00000000d6b00000)
 ParOldGen       total 68608K, used 30983K [0x0000000080000000, 0x0000000084300000, 0x00000000d5580000)
  object space 68608K, 45% used [0x0000000080000000,0x0000000081e41f88,0x0000000084300000)
 Metaspace       used 40681K, committed 41920K, reserved 1114112K
  class space    used 4325K, committed 4928K, reserved 1048576K
}
Event: 11.971 GC heap after
{Heap after GC invocations=19 (full 2):
 PSYoungGen      total 20480K, used 800K [0x00000000d5580000, 0x00000000d6d00000, 0x0000000100000000)
  eden space 17920K, 0% used [0x00000000d5580000,0x00000000d5580000,0x00000000d6700000)
  from space 2560K, 31% used [0x00000000d6880000,0x00000000d6948000,0x00000000d6b00000)
  to   space 1024K, 0% used [0x00000000d6c00000,0x00000000d6c00000,0x00000000d6d00000)
 ParOldGen       total 68608K, used 31351K [0x0000000080000000, 0x0000000084300000, 0x00000000d5580000)
  object space 68608K, 45% used [0x0000000080000000,0x0000000081e9df88,0x0000000084300000)
 Metaspace       used 40681K, committed 41920K, reserved 1114112K
  class space    used 4325K, committed 4928K, reserved 1048576K
}
Event: 12.265 GC heap before
{Heap before GC invocations=20 (full 2):
 PSYoungGen      total 20480K, used 18720K [0x00000000d5580000, 0x00000000d6d00000, 0x0000000100000000)
  eden space 17920K, 100% used [0x00000000d5580000,0x00000000d6700000,0x00000000d6700000)
  from space 2560K, 31% used [0x00000000d6880000,0x00000000d6948000,0x00000000d6b00000)
  to   space 1024K, 0% used [0x00000000d6c00000,0x00000000d6c00000,0x00000000d6d00000)
 ParOldGen       total 68608K, used 31351K [0x0000000080000000, 0x0000000084300000, 0x00000000d5580000)
  object space 68608K, 45% used [0x0000000080000000,0x0000000081e9df88,0x0000000084300000)
 Metaspace       used 42706K, committed 43904K, reserved 1114112K
  class space    used 4589K, committed 5120K, reserved 1048576K
}
Event: 12.266 GC heap after
{Heap after GC invocations=20 (full 2):
 PSYoungGen      total 18944K, used 1024K [0x00000000d5580000, 0x00000000d6d00000, 0x0000000100000000)
  eden space 17920K, 0% used [0x00000000d5580000,0x00000000d5580000,0x00000000d6700000)
  from space 1024K, 100% used [0x00000000d6c00000,0x00000000d6d00000,0x00000000d6d00000)
  to   space 2048K, 0% used [0x00000000d6900000,0x00000000d6900000,0x00000000d6b00000)
 ParOldGen       total 68608K, used 32039K [0x0000000080000000, 0x0000000084300000, 0x00000000d5580000)
  object space 68608K, 46% used [0x0000000080000000,0x0000000081f49f98,0x0000000084300000)
 Metaspace       used 42706K, committed 43904K, reserved 1114112K
  class space    used 4589K, committed 5120K, reserved 1048576K
}
Event: 12.536 GC heap before
{Heap before GC invocations=21 (full 2):
 PSYoungGen      total 18944K, used 18944K [0x00000000d5580000, 0x00000000d6d00000, 0x0000000100000000)
  eden space 17920K, 100% used [0x00000000d5580000,0x00000000d6700000,0x00000000d6700000)
  from space 1024K, 100% used [0x00000000d6c00000,0x00000000d6d00000,0x00000000d6d00000)
  to   space 2048K, 0% used [0x00000000d6900000,0x00000000d6900000,0x00000000d6b00000)
 ParOldGen       total 68608K, used 32039K [0x0000000080000000, 0x0000000084300000, 0x00000000d5580000)
  object space 68608K, 46% used [0x0000000080000000,0x0000000081f49f98,0x0000000084300000)
 Metaspace       used 44923K, committed 46144K, reserved 1114112K
  class space    used 4886K, committed 5440K, reserved 1048576K
}
Event: 12.537 GC heap after
{Heap after GC invocations=21 (full 2):
 PSYoungGen      total 19968K, used 1312K [0x00000000d5580000, 0x00000000d6c80000, 0x0000000100000000)
  eden space 17920K, 0% used [0x00000000d5580000,0x00000000d5580000,0x00000000d6700000)
  from space 2048K, 64% used [0x00000000d6900000,0x00000000d6a48000,0x00000000d6b00000)
  to   space 1536K, 0% used [0x00000000d6b00000,0x00000000d6b00000,0x00000000d6c80000)
 ParOldGen       total 68608K, used 33051K [0x0000000080000000, 0x0000000084300000, 0x00000000d5580000)
  object space 68608K, 48% used [0x0000000080000000,0x0000000082046ea8,0x0000000084300000)
 Metaspace       used 44923K, committed 46144K, reserved 1114112K
  class space    used 4886K, committed 5440K, reserved 1048576K
}
Event: 12.786 GC heap before
{Heap before GC invocations=22 (full 2):
 PSYoungGen      total 19968K, used 19230K [0x00000000d5580000, 0x00000000d6c80000, 0x0000000100000000)
  eden space 17920K, 99% used [0x00000000d5580000,0x00000000d66ffb50,0x00000000d6700000)
  from space 2048K, 64% used [0x00000000d6900000,0x00000000d6a48000,0x00000000d6b00000)
  to   space 1536K, 0% used [0x00000000d6b00000,0x00000000d6b00000,0x00000000d6c80000)
 ParOldGen       total 68608K, used 33051K [0x0000000080000000, 0x0000000084300000, 0x00000000d5580000)
  object space 68608K, 48% used [0x0000000080000000,0x0000000082046ea8,0x0000000084300000)
 Metaspace       used 46884K, committed 48128K, reserved 1114112K
  class space    used 5105K, committed 5632K, reserved 1048576K
}
Event: 12.788 GC heap after
{Heap after GC invocations=22 (full 2):
 PSYoungGen      total 19456K, used 1341K [0x00000000d5580000, 0x00000000d6c80000, 0x0000000100000000)
  eden space 17920K, 0% used [0x00000000d5580000,0x00000000d5580000,0x00000000d6700000)
  from space 1536K, 87% used [0x00000000d6b00000,0x00000000d6c4f6c0,0x00000000d6c80000)
  to   space 1536K, 0% used [0x00000000d6980000,0x00000000d6980000,0x00000000d6b00000)
 ParOldGen       total 68608K, used 34127K [0x0000000080000000, 0x0000000084300000, 0x00000000d5580000)
  object space 68608K, 49% used [0x0000000080000000,0x0000000082153eb8,0x0000000084300000)
 Metaspace       used 46884K, committed 48128K, reserved 1114112K
  class space    used 5105K, committed 5632K, reserved 1048576K
}

