# JRE version: OpenJDK Runtime Environment Temurin-21.0.10+7 (21.0.10+7) (build 21.0.10+7-LTS)
# Java VM: OpenJDK 64-Bit Server VM Temurin-21.0.10+7 (21.0.10+7-LTS, mixed mode, sharing, tiered, compressed oops, compressed class ptrs, parallel gc, windows-amd64)
GC Precious Log:
 CardTable entry size: 512
 CPUs: 16 total, 16 available
 Memory: 16202M
 Large Page Support: Disabled
 NUMA Support: Disabled
 Compressed Oops: Enabled (32-bit)
 Alignments: Space 512K, Generation 512K, Heap 2M
 Heap Min Capacity: 100M
 Heap Initial Capacity: 100M
 Heap Max Capacity: 2G
 Pre-touch: Disabled
 Parallel Workers: 13
Heap:
 PSYoungGen      total 21504K, used 12262K [0x00000000d5580000, 0x00000000d6d00000, 0x0000000100000000)
  eden space 19968K, 53% used [0x00000000d5580000,0x00000000d5ffe7b8,0x00000000d6900000)
  from space 1536K, 98% used [0x00000000d6b80000,0x00000000d6cfb078,0x00000000d6d00000)
  to   space 2048K, 0% used [0x00000000d6900000,0x00000000d6900000,0x00000000d6b00000)
 ParOldGen       total 73728K, used 67770K [0x0000000080000000, 0x0000000084800000, 0x00000000d5580000)
  object space 73728K, 91% used [0x0000000080000000,0x000000008422eb20,0x0000000084800000)
 Metaspace       used 64863K, committed 66368K, reserved 1114112K
  class space    used 6858K, committed 7488K, reserved 1048576K
GC Heap History (20 events):
Event: 12.054 GC heap before
{Heap before GC invocations=72 (full 3):
 PSYoungGen      total 22016K, used 21440K [0x00000000d5580000, 0x00000000d6c00000, 0x0000000100000000)
  eden space 20992K, 100% used [0x00000000d5580000,0x00000000d6a00000,0x00000000d6a00000)
  from space 1024K, 43% used [0x00000000d6b00000,0x00000000d6b70000,0x00000000d6c00000)
  to   space 1024K, 0% used [0x00000000d6a00000,0x00000000d6a00000,0x00000000d6b00000)
 ParOldGen       total 73728K, used 61027K [0x0000000080000000, 0x0000000084800000, 0x00000000d5580000)
  object space 73728K, 82% used [0x0000000080000000,0x0000000083b98c70,0x0000000084800000)
 Metaspace       used 58677K, committed 60032K, reserved 1114112K
  class space    used 6295K, committed 6848K, reserved 1048576K
}
Event: 12.056 GC heap after
{Heap after GC invocations=72 (full 3):
 PSYoungGen      total 22016K, used 544K [0x00000000d5580000, 0x00000000d6c00000, 0x0000000100000000)
  eden space 20992K, 0% used [0x00000000d5580000,0x00000000d5580000,0x00000000d6a00000)
  from space 1024K, 53% used [0x00000000d6a00000,0x00000000d6a88000,0x00000000d6b00000)
  to   space 1024K, 0% used [0x00000000d6b00000,0x00000000d6b00000,0x00000000d6c00000)
 ParOldGen       total 73728K, used 61323K [0x0000000080000000, 0x0000000084800000, 0x00000000d5580000)
  object space 73728K, 83% used [0x0000000080000000,0x0000000083be2c70,0x0000000084800000)
 Metaspace       used 58677K, committed 60032K, reserved 1114112K
  class space    used 6295K, committed 6848K, reserved 1048576K
}
Event: 12.075 GC heap before
{Heap before GC invocations=73 (full 3):
 PSYoungGen      total 22016K, used 21536K [0x00000000d5580000, 0x00000000d6c00000, 0x0000000100000000)
  eden space 20992K, 100% used [0x00000000d5580000,0x00000000d6a00000,0x00000000d6a00000)
  from space 1024K, 53% used [0x00000000d6a00000,0x00000000d6a88000,0x00000000d6b00000)
  to   space 1024K, 0% used [0x00000000d6b00000,0x00000000d6b00000,0x00000000d6c00000)
 ParOldGen       total 73728K, used 61323K [0x0000000080000000, 0x0000000084800000, 0x00000000d5580000)
  object space 73728K, 83% used [0x0000000080000000,0x0000000083be2c70,0x0000000084800000)
 Metaspace       used 58678K, committed 60032K, reserved 1114112K
  class space    used 6295K, committed 6848K, reserved 1048576K
}
Event: 12.076 GC heap after
{Heap after GC invocations=73 (full 3):
 PSYoungGen      total 22016K, used 512K [0x00000000d5580000, 0x00000000d6c00000, 0x0000000100000000)
  eden space 20992K, 0% used [0x00000000d5580000,0x00000000d5580000,0x00000000d6a00000)
  from space 1024K, 50% used [0x00000000d6b00000,0x00000000d6b80000,0x00000000d6c00000)
  to   space 1024K, 0% used [0x00000000d6a00000,0x00000000d6a00000,0x00000000d6b00000)
 ParOldGen       total 73728K, used 61691K [0x0000000080000000, 0x0000000084800000, 0x00000000d5580000)
  object space 73728K, 83% used [0x0000000080000000,0x0000000083c3ec70,0x0000000084800000)
 Metaspace       used 58678K, committed 60032K, reserved 1114112K
  class space    used 6295K, committed 6848K, reserved 1048576K
}
Event: 12.113 GC heap before
{Heap before GC invocations=74 (full 3):
 PSYoungGen      total 22016K, used 21504K [0x00000000d5580000, 0x00000000d6c00000, 0x0000000100000000)
  eden space 20992K, 100% used [0x00000000d5580000,0x00000000d6a00000,0x00000000d6a00000)
  from space 1024K, 50% used [0x00000000d6b00000,0x00000000d6b80000,0x00000000d6c00000)
  to   space 1024K, 0% used [0x00000000d6a00000,0x00000000d6a00000,0x00000000d6b00000)
 ParOldGen       total 73728K, used 61691K [0x0000000080000000, 0x0000000084800000, 0x00000000d5580000)
  object space 73728K, 83% used [0x0000000080000000,0x0000000083c3ec70,0x0000000084800000)
 Metaspace       used 58683K, committed 60032K, reserved 1114112K
  class space    used 6295K, committed 6848K, reserved 1048576K
}
Event: 12.115 GC heap after
{Heap after GC invocations=74 (full 3):
 PSYoungGen      total 22016K, used 544K [0x00000000d5580000, 0x00000000d6c00000, 0x0000000100000000)
  eden space 20992K, 0% used [0x00000000d5580000,0x00000000d5580000,0x00000000d6a00000)
  from space 1024K, 53% used [0x00000000d6a00000,0x00000000d6a88000,0x00000000d6b00000)
  to   space 1024K, 0% used [0x00000000d6b00000,0x00000000d6b00000,0x00000000d6c00000)
 ParOldGen       total 73728K, used 62755K [0x0000000080000000, 0x0000000084800000, 0x00000000d5580000)
  object space 73728K, 85% used [0x0000000080000000,0x0000000083d48c70,0x0000000084800000)
 Metaspace       used 58683K, committed 60032K, reserved 1114112K
  class space    used 6295K, committed 6848K, reserved 1048576K
}
Event: 12.144 GC heap before
{Heap before GC invocations=75 (full 3):
 PSYoungGen      total 22016K, used 21536K [0x00000000d5580000, 0x00000000d6c00000, 0x0000000100000000)
  eden space 20992K, 100% used [0x00000000d5580000,0x00000000d6a00000,0x00000000d6a00000)
  from space 1024K, 53% used [0x00000000d6a00000,0x00000000d6a88000,0x00000000d6b00000)
  to   space 1024K, 0% used [0x00000000d6b00000,0x00000000d6b00000,0x00000000d6c00000)
 ParOldGen       total 73728K, used 62755K [0x0000000080000000, 0x0000000084800000, 0x00000000d5580000)
  object space 73728K, 85% used [0x0000000080000000,0x0000000083d48c70,0x0000000084800000)
 Metaspace       used 58699K, committed 60032K, reserved 1114112K
  class space    used 6295K, committed 6848K, reserved 1048576K
}
Event: 12.145 GC heap after
{Heap after GC invocations=75 (full 3):
 PSYoungGen      total 21504K, used 480K [0x00000000d5580000, 0x00000000d6b80000, 0x0000000100000000)
  eden space 20992K, 0% used [0x00000000d5580000,0x00000000d5580000,0x00000000d6a00000)
  from space 512K, 93% used [0x00000000d6b00000,0x00000000d6b78000,0x00000000d6b80000)
  to   space 512K, 0% used [0x00000000d6a80000,0x00000000d6a80000,0x00000000d6b00000)
 ParOldGen       total 73728K, used 63107K [0x0000000080000000, 0x0000000084800000, 0x00000000d5580000)
  object space 73728K, 85% used [0x0000000080000000,0x0000000083da0c70,0x0000000084800000)
 Metaspace       used 58699K, committed 60032K, reserved 1114112K
  class space    used 6295K, committed 6848K, reserved 1048576K
}
Event: 12.227 GC heap before
{Heap before GC invocations=76 (full 3):
 PSYoungGen      total 21504K, used 21472K [0x00000000d5580000, 0x00000000d6b80000, 0x0000000100000000)
  eden space 20992K, 100% used [0x00000000d5580000,0x00000000d6a00000,0x00000000d6a00000)
  from space 512K, 93% used [0x00000000d6b00000,0x00000000d6b78000,0x00000000d6b80000)
  to   space 512K, 0% used [0x00000000d6a80000,0x00000000d6a80000,0x00000000d6b00000)
 ParOldGen       total 73728K, used 63107K [0x0000000080000000, 0x0000000084800000, 0x00000000d5580000)
  object space 73728K, 85% used [0x0000000080000000,0x0000000083da0c70,0x0000000084800000)
 Metaspace       used 59480K, committed 60800K, reserved 1114112K
  class space    used 6349K, committed 6912K, reserved 1048576K
}
Event: 12.229 GC heap after
{Heap after GC invocations=76 (full 3):
 PSYoungGen      total 21504K, used 512K [0x00000000d5580000, 0x00000000d6c00000, 0x0000000100000000)
  eden space 20992K, 0% used [0x00000000d5580000,0x00000000d5580000,0x00000000d6a00000)
  from space 512K, 100% used [0x00000000d6a80000,0x00000000d6b00000,0x00000000d6b00000)
  to   space 1024K, 0% used [0x00000000d6b00000,0x00000000d6b00000,0x00000000d6c00000)
 ParOldGen       total 73728K, used 63539K [0x0000000080000000, 0x0000000084800000, 0x00000000d5580000)
  object space 73728K, 86% used [0x0000000080000000,0x0000000083e0cc90,0x0000000084800000)
 Metaspace       used 59480K, committed 60800K, reserved 1114112K
  class space    used 6349K, committed 6912K, reserved 1048576K
}
Event: 12.500 GC heap before
{Heap before GC invocations=77 (full 3):
 PSYoungGen      total 21504K, used 21494K [0x00000000d5580000, 0x00000000d6c00000, 0x0000000100000000)
  eden space 20992K, 99% used [0x00000000d5580000,0x00000000d69fd8b0,0x00000000d6a00000)
  from space 512K, 100% used [0x00000000d6a80000,0x00000000d6b00000,0x00000000d6b00000)
  to   space 1024K, 0% used [0x00000000d6b00000,0x00000000d6b00000,0x00000000d6c00000)
 ParOldGen       total 73728K, used 63539K [0x0000000080000000, 0x0000000084800000, 0x00000000d5580000)
  object space 73728K, 86% used [0x0000000080000000,0x0000000083e0cc90,0x0000000084800000)
 Metaspace       used 60132K, committed 61568K, reserved 1114112K
  class space    used 6413K, committed 7040K, reserved 1048576K
}
Event: 12.505 GC heap after
{Heap after GC invocations=77 (full 3):
 PSYoungGen      total 20992K, used 997K [0x00000000d5580000, 0x00000000d6e00000, 0x0000000100000000)
  eden space 19968K, 0% used [0x00000000d5580000,0x00000000d5580000,0x00000000d6900000)
  from space 1024K, 97% used [0x00000000d6b00000,0x00000000d6bf9610,0x00000000d6c00000)
  to   space 2048K, 0% used [0x00000000d6900000,0x00000000d6900000,0x00000000d6b00000)
 ParOldGen       total 73728K, used 64207K [0x0000000080000000, 0x0000000084800000, 0x00000000d5580000)
  object space 73728K, 87% used [0x0000000080000000,0x0000000083eb3f10,0x0000000084800000)
 Metaspace       used 60132K, committed 61568K, reserved 1114112K
  class space    used 6413K, committed 7040K, reserved 1048576K
}
Event: 12.812 GC heap before
{Heap before GC invocations=78 (full 3):
 PSYoungGen      total 20992K, used 20965K [0x00000000d5580000, 0x00000000d6e00000, 0x0000000100000000)
  eden space 19968K, 99% used [0x00000000d5580000,0x00000000d68fffe8,0x00000000d6900000)
  from space 1024K, 97% used [0x00000000d6b00000,0x00000000d6bf9610,0x00000000d6c00000)
  to   space 2048K, 0% used [0x00000000d6900000,0x00000000d6900000,0x00000000d6b00000)
 ParOldGen       total 73728K, used 64207K [0x0000000080000000, 0x0000000084800000, 0x00000000d5580000)
  object space 73728K, 87% used [0x0000000080000000,0x0000000083eb3f10,0x0000000084800000)
 Metaspace       used 60972K, committed 62400K, reserved 1114112K
  class space    used 6512K, committed 7104K, reserved 1048576K
}
Event: 12.814 GC heap after
{Heap after GC invocations=78 (full 3):
 PSYoungGen      total 22016K, used 2035K [0x00000000d5580000, 0x00000000d7000000, 0x0000000100000000)
  eden space 19968K, 0% used [0x00000000d5580000,0x00000000d5580000,0x00000000d6900000)
  from space 2048K, 99% used [0x00000000d6900000,0x00000000d6afce98,0x00000000d6b00000)
  to   space 3584K, 0% used [0x00000000d6c80000,0x00000000d6c80000,0x00000000d7000000)
 ParOldGen       total 73728K, used 65285K [0x0000000080000000, 0x0000000084800000, 0x00000000d5580000)
  object space 73728K, 88% used [0x0000000080000000,0x0000000083fc17e0,0x0000000084800000)
 Metaspace       used 60972K, committed 62400K, reserved 1114112K
  class space    used 6512K, committed 7104K, reserved 1048576K
}
Event: 12.899 GC heap before
{Heap before GC invocations=79 (full 3):
 PSYoungGen      total 22016K, used 21949K [0x00000000d5580000, 0x00000000d7000000, 0x0000000100000000)
  eden space 19968K, 99% used [0x00000000d5580000,0x00000000d68f27c8,0x00000000d6900000)
  from space 2048K, 99% used [0x00000000d6900000,0x00000000d6afce98,0x00000000d6b00000)
  to   space 3584K, 0% used [0x00000000d6c80000,0x00000000d6c80000,0x00000000d7000000)
 ParOldGen       total 73728K, used 65285K [0x0000000080000000, 0x0000000084800000, 0x00000000d5580000)
  object space 73728K, 88% used [0x0000000080000000,0x0000000083fc17e0,0x0000000084800000)
 Metaspace       used 61178K, committed 62656K, reserved 1114112K
  class space    used 6529K, committed 7168K, reserved 1048576K
}
Event: 12.901 GC heap after
{Heap after GC invocations=79 (full 3):
 PSYoungGen      total 21504K, used 1060K [0x00000000d5580000, 0x00000000d6e00000, 0x0000000100000000)
  eden space 19968K, 0% used [0x00000000d5580000,0x00000000d5580000,0x00000000d6900000)
  from space 1536K, 69% used [0x00000000d6c80000,0x00000000d6d89058,0x00000000d6e00000)
  to   space 2048K, 0% used [0x00000000d6a00000,0x00000000d6a00000,0x00000000d6c00000)
 ParOldGen       total 73728K, used 66897K [0x0000000080000000, 0x0000000084800000, 0x00000000d5580000)
  object space 73728K, 90% used [0x0000000080000000,0x0000000084154420,0x0000000084800000)
 Metaspace       used 61178K, committed 62656K, reserved 1114112K
  class space    used 6529K, committed 7168K, reserved 1048576K
}
Event: 13.026 GC heap before
{Heap before GC invocations=80 (full 3):
 PSYoungGen      total 21504K, used 21028K [0x00000000d5580000, 0x00000000d6e00000, 0x0000000100000000)
  eden space 19968K, 100% used [0x00000000d5580000,0x00000000d6900000,0x00000000d6900000)
  from space 1536K, 69% used [0x00000000d6c80000,0x00000000d6d89058,0x00000000d6e00000)
  to   space 2048K, 0% used [0x00000000d6a00000,0x00000000d6a00000,0x00000000d6c00000)
 ParOldGen       total 73728K, used 66897K [0x0000000080000000, 0x0000000084800000, 0x00000000d5580000)
  object space 73728K, 90% used [0x0000000080000000,0x0000000084154420,0x0000000084800000)
 Metaspace       used 62102K, committed 63552K, reserved 1114112K
  class space    used 6604K, committed 7232K, reserved 1048576K
}
Event: 13.031 GC heap after
{Heap after GC invocations=80 (full 3):
 PSYoungGen      total 20992K, used 884K [0x00000000d5580000, 0x00000000d6d00000, 0x0000000100000000)
  eden space 19968K, 0% used [0x00000000d5580000,0x00000000d5580000,0x00000000d6900000)
  from space 1024K, 86% used [0x00000000d6a00000,0x00000000d6add200,0x00000000d6b00000)
  to   space 1536K, 0% used [0x00000000d6b80000,0x00000000d6b80000,0x00000000d6d00000)
 ParOldGen       total 73728K, used 67538K [0x0000000080000000, 0x0000000084800000, 0x00000000d5580000)
  object space 73728K, 91% used [0x0000000080000000,0x00000000841f4b20,0x0000000084800000)
 Metaspace       used 62102K, committed 63552K, reserved 1114112K
  class space    used 6604K, committed 7232K, reserved 1048576K
}
Event: 13.770 GC heap before
{Heap before GC invocations=81 (full 3):
 PSYoungGen      total 20992K, used 20852K [0x00000000d5580000, 0x00000000d6d00000, 0x0000000100000000)
  eden space 19968K, 99% used [0x00000000d5580000,0x00000000d68ffff8,0x00000000d6900000)
  from space 1024K, 86% used [0x00000000d6a00000,0x00000000d6add200,0x00000000d6b00000)
  to   space 1536K, 0% used [0x00000000d6b80000,0x00000000d6b80000,0x00000000d6d00000)
 ParOldGen       total 73728K, used 67538K [0x0000000080000000, 0x0000000084800000, 0x00000000d5580000)
  object space 73728K, 91% used [0x0000000080000000,0x00000000841f4b20,0x0000000084800000)
 Metaspace       used 64284K, committed 65792K, reserved 1114112K
  class space    used 6792K, committed 7424K, reserved 1048576K
}
Event: 13.774 GC heap after
{Heap after GC invocations=81 (full 3):
 PSYoungGen      total 21504K, used 1516K [0x00000000d5580000, 0x00000000d6d00000, 0x0000000100000000)
  eden space 19968K, 0% used [0x00000000d5580000,0x00000000d5580000,0x00000000d6900000)
  from space 1536K, 98% used [0x00000000d6b80000,0x00000000d6cfb078,0x00000000d6d00000)
  to   space 2048K, 0% used [0x00000000d6900000,0x00000000d6900000,0x00000000d6b00000)
 ParOldGen       total 73728K, used 67770K [0x0000000080000000, 0x0000000084800000, 0x00000000d5580000)
  object space 73728K, 91% used [0x0000000080000000,0x000000008422eb20,0x0000000084800000)
 Metaspace       used 64284K, committed 65792K, reserved 1114112K
  class space    used 6792K, committed 7424K, reserved 1048576K
}

