# JRE version: OpenJDK Runtime Environment Temurin-21.0.10+7 (21.0.10+7) (build 21.0.10+7-LTS)
# Java VM: OpenJDK 64-Bit Server VM Temurin-21.0.10+7 (21.0.10+7-LTS, mixed mode, sharing, tiered, compressed oops, compressed class ptrs, parallel gc, windows-amd64)
GC Precious Log:
 CardTable entry size: 512
 CPUs: 16 total, 16 available
 Memory: 16202M
 Large Page Support: Disabled
 NUMA Support: Disabled
 Compressed Oops: Enabled (32-bit)
 Alignments: Space 512K, Generation 512K, Heap 2M
 Heap Min Capacity: 100M
 Heap Initial Capacity: 100M
 Heap Max Capacity: 2G
 Pre-touch: Disabled
 Parallel Workers: 13
Heap:
 PSYoungGen      total 19968K, used 3871K [0x00000000d5580000, 0x00000000d7280000, 0x0000000100000000)
  eden space 18432K, 12% used [0x00000000d5580000,0x00000000d57c7df8,0x00000000d6780000)
  from space 1536K, 100% used [0x00000000d6c00000,0x00000000d6d80000,0x00000000d6d80000)
  to   space 4608K, 0% used [0x00000000d6780000,0x00000000d6780000,0x00000000d6c00000)
 ParOldGen       total 68608K, used 34022K [0x0000000080000000, 0x0000000084300000, 0x00000000d5580000)
  object space 68608K, 49% used [0x0000000080000000,0x0000000082139b90,0x0000000084300000)
 Metaspace       used 42856K, committed 43968K, reserved 1114112K
  class space    used 4334K, committed 4800K, reserved 1048576K
GC Heap History (20 events):
Event: 3.115 GC heap before
{Heap before GC invocations=17 (full 1):
 PSYoungGen      total 23040K, used 22688K [0x00000000d5580000, 0x00000000d6f80000, 0x0000000100000000)
  eden space 20480K, 100% used [0x00000000d5580000,0x00000000d6980000,0x00000000d6980000)
  from space 2560K, 86% used [0x00000000d6980000,0x00000000d6ba8010,0x00000000d6c00000)
  to   space 3072K, 0% used [0x00000000d6c80000,0x00000000d6c80000,0x00000000d6f80000)
 ParOldGen       total 68608K, used 24781K [0x0000000080000000, 0x0000000084300000, 0x00000000d5580000)
  object space 68608K, 36% used [0x0000000080000000,0x0000000081833538,0x0000000084300000)
 Metaspace       used 32768K, committed 33856K, reserved 1114112K
  class space    used 3323K, committed 3776K, reserved 1048576K
}
Event: 3.117 GC heap after
{Heap after GC invocations=17 (full 1):
 PSYoungGen      total 22528K, used 2008K [0x00000000d5580000, 0x00000000d6e80000, 0x0000000100000000)
  eden space 20480K, 0% used [0x00000000d5580000,0x00000000d5580000,0x00000000d6980000)
  from space 2048K, 98% used [0x00000000d6c80000,0x00000000d6e76200,0x00000000d6e80000)
  to   space 2560K, 0% used [0x00000000d6980000,0x00000000d6980000,0x00000000d6c00000)
 ParOldGen       total 68608K, used 26805K [0x0000000080000000, 0x0000000084300000, 0x00000000d5580000)
  object space 68608K, 39% used [0x0000000080000000,0x0000000081a2d548,0x0000000084300000)
 Metaspace       used 32768K, committed 33856K, reserved 1114112K
  class space    used 3323K, committed 3776K, reserved 1048576K
}
Event: 3.298 GC heap before
{Heap before GC invocations=18 (full 1):
 PSYoungGen      total 22528K, used 22488K [0x00000000d5580000, 0x00000000d6e80000, 0x0000000100000000)
  eden space 20480K, 100% used [0x00000000d5580000,0x00000000d6980000,0x00000000d6980000)
  from space 2048K, 98% used [0x00000000d6c80000,0x00000000d6e76200,0x00000000d6e80000)
  to   space 2560K, 0% used [0x00000000d6980000,0x00000000d6980000,0x00000000d6c00000)
 ParOldGen       total 68608K, used 26805K [0x0000000080000000, 0x0000000084300000, 0x00000000d5580000)
  object space 68608K, 39% used [0x0000000080000000,0x0000000081a2d548,0x0000000084300000)
 Metaspace       used 33547K, committed 34560K, reserved 1114112K
  class space    used 3442K, committed 3840K, reserved 1048576K
}
Event: 3.300 GC heap after
{Heap after GC invocations=18 (full 1):
 PSYoungGen      total 22016K, used 1504K [0x00000000d5580000, 0x00000000d6d80000, 0x0000000100000000)
  eden space 20480K, 0% used [0x00000000d5580000,0x00000000d5580000,0x00000000d6980000)
  from space 1536K, 97% used [0x00000000d6980000,0x00000000d6af8000,0x00000000d6b00000)
  to   space 2048K, 0% used [0x00000000d6b80000,0x00000000d6b80000,0x00000000d6d80000)
 ParOldGen       total 68608K, used 28677K [0x0000000080000000, 0x0000000084300000, 0x00000000d5580000)
  object space 68608K, 41% used [0x0000000080000000,0x0000000081c01748,0x0000000084300000)
 Metaspace       used 33547K, committed 34560K, reserved 1114112K
  class space    used 3442K, committed 3840K, reserved 1048576K
}
Event: 3.505 GC heap before
{Heap before GC invocations=19 (full 1):
 PSYoungGen      total 22016K, used 8795K [0x00000000d5580000, 0x00000000d6d80000, 0x0000000100000000)
  eden space 20480K, 35% used [0x00000000d5580000,0x00000000d5c9ed60,0x00000000d6980000)
  from space 1536K, 97% used [0x00000000d6980000,0x00000000d6af8000,0x00000000d6b00000)
  to   space 2048K, 0% used [0x00000000d6b80000,0x00000000d6b80000,0x00000000d6d80000)
 ParOldGen       total 68608K, used 28677K [0x0000000080000000, 0x0000000084300000, 0x00000000d5580000)
  object space 68608K, 41% used [0x0000000080000000,0x0000000081c01748,0x0000000084300000)
 Metaspace       used 34795K, committed 35840K, reserved 1114112K
  class space    used 3557K, committed 4032K, reserved 1048576K
}
Event: 3.507 GC heap after
{Heap after GC invocations=19 (full 1):
 PSYoungGen      total 21504K, used 779K [0x00000000d5580000, 0x00000000d6c80000, 0x0000000100000000)
  eden space 20480K, 0% used [0x00000000d5580000,0x00000000d5580000,0x00000000d6980000)
  from space 1024K, 76% used [0x00000000d6b80000,0x00000000d6c42e68,0x00000000d6c80000)
  to   space 1536K, 0% used [0x00000000d6980000,0x00000000d6980000,0x00000000d6b00000)
 ParOldGen       total 68608K, used 30064K [0x0000000080000000, 0x0000000084300000, 0x00000000d5580000)
  object space 68608K, 43% used [0x0000000080000000,0x0000000081d5c0a0,0x0000000084300000)
 Metaspace       used 34795K, committed 35840K, reserved 1114112K
  class space    used 3557K, committed 4032K, reserved 1048576K
}
Event: 3.507 GC heap before
{Heap before GC invocations=20 (full 2):
 PSYoungGen      total 21504K, used 779K [0x00000000d5580000, 0x00000000d6c80000, 0x0000000100000000)
  eden space 20480K, 0% used [0x00000000d5580000,0x00000000d5580000,0x00000000d6980000)
  from space 1024K, 76% used [0x00000000d6b80000,0x00000000d6c42e68,0x00000000d6c80000)
  to   space 1536K, 0% used [0x00000000d6980000,0x00000000d6980000,0x00000000d6b00000)
 ParOldGen       total 68608K, used 30064K [0x0000000080000000, 0x0000000084300000, 0x00000000d5580000)
  object space 68608K, 43% used [0x0000000080000000,0x0000000081d5c0a0,0x0000000084300000)
 Metaspace       used 34795K, committed 35840K, reserved 1114112K
  class space    used 3557K, committed 4032K, reserved 1048576K
}
Event: 3.544 GC heap after
{Heap after GC invocations=20 (full 2):
 PSYoungGen      total 21504K, used 0K [0x00000000d5580000, 0x00000000d6c80000, 0x0000000100000000)
  eden space 20480K, 0% used [0x00000000d5580000,0x00000000d5580000,0x00000000d6980000)
  from space 1024K, 0% used [0x00000000d6b80000,0x00000000d6b80000,0x00000000d6c80000)
  to   space 1536K, 0% used [0x00000000d6980000,0x00000000d6980000,0x00000000d6b00000)
 ParOldGen       total 68608K, used 28504K [0x0000000080000000, 0x0000000084300000, 0x00000000d5580000)
  object space 68608K, 41% used [0x0000000080000000,0x0000000081bd6238,0x0000000084300000)
 Metaspace       used 34674K, committed 35840K, reserved 1114112K
  class space    used 3522K, committed 4032K, reserved 1048576K
}
Event: 3.864 GC heap before
{Heap before GC invocations=21 (full 2):
 PSYoungGen      total 21504K, used 20454K [0x00000000d5580000, 0x00000000d6c80000, 0x0000000100000000)
  eden space 20480K, 99% used [0x00000000d5580000,0x00000000d6979910,0x00000000d6980000)
  from space 1024K, 0% used [0x00000000d6b80000,0x00000000d6b80000,0x00000000d6c80000)
  to   space 1536K, 0% used [0x00000000d6980000,0x00000000d6980000,0x00000000d6b00000)
 ParOldGen       total 68608K, used 28504K [0x0000000080000000, 0x0000000084300000, 0x00000000d5580000)
  object space 68608K, 41% used [0x0000000080000000,0x0000000081bd6238,0x0000000084300000)
 Metaspace       used 35577K, committed 36544K, reserved 1114112K
  class space    used 3649K, committed 4032K, reserved 1048576K
}
Event: 3.865 GC heap after
{Heap after GC invocations=21 (full 2):
 PSYoungGen      total 22016K, used 480K [0x00000000d5580000, 0x00000000d6c00000, 0x0000000100000000)
  eden space 20480K, 0% used [0x00000000d5580000,0x00000000d5580000,0x00000000d6980000)
  from space 1536K, 31% used [0x00000000d6980000,0x00000000d69f8000,0x00000000d6b00000)
  to   space 1024K, 0% used [0x00000000d6b00000,0x00000000d6b00000,0x00000000d6c00000)
 ParOldGen       total 68608K, used 28512K [0x0000000080000000, 0x0000000084300000, 0x00000000d5580000)
  object space 68608K, 41% used [0x0000000080000000,0x0000000081bd8238,0x0000000084300000)
 Metaspace       used 35577K, committed 36544K, reserved 1114112K
  class space    used 3649K, committed 4032K, reserved 1048576K
}
Event: 4.598 GC heap before
{Heap before GC invocations=22 (full 2):
 PSYoungGen      total 22016K, used 20908K [0x00000000d5580000, 0x00000000d6c00000, 0x0000000100000000)
  eden space 20480K, 99% used [0x00000000d5580000,0x00000000d69733a0,0x00000000d6980000)
  from space 1536K, 31% used [0x00000000d6980000,0x00000000d69f8000,0x00000000d6b00000)
  to   space 1024K, 0% used [0x00000000d6b00000,0x00000000d6b00000,0x00000000d6c00000)
 ParOldGen       total 68608K, used 28512K [0x0000000080000000, 0x0000000084300000, 0x00000000d5580000)
  object space 68608K, 41% used [0x0000000080000000,0x0000000081bd8238,0x0000000084300000)
 Metaspace       used 37630K, committed 38592K, reserved 1114112K
  class space    used 3850K, committed 4288K, reserved 1048576K
}
Event: 4.599 GC heap after
{Heap after GC invocations=22 (full 2):
 PSYoungGen      total 21504K, used 672K [0x00000000d5580000, 0x00000000d6c00000, 0x0000000100000000)
  eden space 20480K, 0% used [0x00000000d5580000,0x00000000d5580000,0x00000000d6980000)
  from space 1024K, 65% used [0x00000000d6b00000,0x00000000d6ba8000,0x00000000d6c00000)
  to   space 1024K, 0% used [0x00000000d6a00000,0x00000000d6a00000,0x00000000d6b00000)
 ParOldGen       total 68608K, used 28768K [0x0000000080000000, 0x0000000084300000, 0x00000000d5580000)
  object space 68608K, 41% used [0x0000000080000000,0x0000000081c18238,0x0000000084300000)
 Metaspace       used 37630K, committed 38592K, reserved 1114112K
  class space    used 3850K, committed 4288K, reserved 1048576K
}
Event: 66.729 GC heap before
{Heap before GC invocations=23 (full 2):
 PSYoungGen      total 21504K, used 21044K [0x00000000d5580000, 0x00000000d6c00000, 0x0000000100000000)
  eden space 20480K, 99% used [0x00000000d5580000,0x00000000d6965038,0x00000000d6980000)
  from space 1024K, 65% used [0x00000000d6b00000,0x00000000d6ba8000,0x00000000d6c00000)
  to   space 1024K, 0% used [0x00000000d6a00000,0x00000000d6a00000,0x00000000d6b00000)
 ParOldGen       total 68608K, used 28768K [0x0000000080000000, 0x0000000084300000, 0x00000000d5580000)
  object space 68608K, 41% used [0x0000000080000000,0x0000000081c18238,0x0000000084300000)
 Metaspace       used 39709K, committed 40768K, reserved 1114112K
  class space    used 4057K, committed 4544K, reserved 1048576K
}
Event: 66.732 GC heap after
{Heap after GC invocations=23 (full 2):
 PSYoungGen      total 21504K, used 1020K [0x00000000d5580000, 0x00000000d7080000, 0x0000000100000000)
  eden space 20480K, 0% used [0x00000000d5580000,0x00000000d5580000,0x00000000d6980000)
  from space 1024K, 99% used [0x00000000d6a00000,0x00000000d6aff308,0x00000000d6b00000)
  to   space 3584K, 0% used [0x00000000d6d00000,0x00000000d6d00000,0x00000000d7080000)
 ParOldGen       total 68608K, used 30764K [0x0000000080000000, 0x0000000084300000, 0x00000000d5580000)
  object space 68608K, 44% used [0x0000000080000000,0x0000000081e0b2d8,0x0000000084300000)
 Metaspace       used 39709K, committed 40768K, reserved 1114112K
  class space    used 4057K, committed 4544K, reserved 1048576K
}
Event: 66.796 GC heap before
{Heap before GC invocations=24 (full 2):
 PSYoungGen      total 21504K, used 21500K [0x00000000d5580000, 0x00000000d7080000, 0x0000000100000000)
  eden space 20480K, 100% used [0x00000000d5580000,0x00000000d6980000,0x00000000d6980000)
  from space 1024K, 99% used [0x00000000d6a00000,0x00000000d6aff308,0x00000000d6b00000)
  to   space 3584K, 0% used [0x00000000d6d00000,0x00000000d6d00000,0x00000000d7080000)
 ParOldGen       total 68608K, used 30764K [0x0000000080000000, 0x0000000084300000, 0x00000000d5580000)
  object space 68608K, 44% used [0x0000000080000000,0x0000000081e0b2d8,0x0000000084300000)
 Metaspace       used 39727K, committed 40768K, reserved 1114112K
  class space    used 4057K, committed 4544K, reserved 1048576K
}
Event: 66.797 GC heap after
{Heap after GC invocations=24 (full 2):
 PSYoungGen      total 21504K, used 925K [0x00000000d5580000, 0x00000000d6e00000, 0x0000000100000000)
  eden space 20480K, 0% used [0x00000000d5580000,0x00000000d5580000,0x00000000d6980000)
  from space 1024K, 90% used [0x00000000d6d00000,0x00000000d6de7418,0x00000000d6e00000)
  to   space 2048K, 0% used [0x00000000d6a00000,0x00000000d6a00000,0x00000000d6c00000)
 ParOldGen       total 68608K, used 31794K [0x0000000080000000, 0x0000000084300000, 0x00000000d5580000)
  object space 68608K, 46% used [0x0000000080000000,0x0000000081f0cbd0,0x0000000084300000)
 Metaspace       used 39727K, committed 40768K, reserved 1114112K
  class space    used 4057K, committed 4544K, reserved 1048576K
}
Event: 67.503 GC heap before
{Heap before GC invocations=25 (full 2):
 PSYoungGen      total 21504K, used 21405K [0x00000000d5580000, 0x00000000d6e00000, 0x0000000100000000)
  eden space 20480K, 100% used [0x00000000d5580000,0x00000000d6980000,0x00000000d6980000)
  from space 1024K, 90% used [0x00000000d6d00000,0x00000000d6de7418,0x00000000d6e00000)
  to   space 2048K, 0% used [0x00000000d6a00000,0x00000000d6a00000,0x00000000d6c00000)
 ParOldGen       total 68608K, used 31794K [0x0000000080000000, 0x0000000084300000, 0x00000000d5580000)
  object space 68608K, 46% used [0x0000000080000000,0x0000000081f0cbd0,0x0000000084300000)
 Metaspace       used 41243K, committed 42304K, reserved 1114112K
  class space    used 4189K, committed 4608K, reserved 1048576K
}
Event: 67.505 GC heap after
{Heap after GC invocations=25 (full 2):
 PSYoungGen      total 22528K, used 992K [0x00000000d5580000, 0x00000000d6d80000, 0x0000000100000000)
  eden space 20480K, 0% used [0x00000000d5580000,0x00000000d5580000,0x00000000d6980000)
  from space 2048K, 48% used [0x00000000d6a00000,0x00000000d6af8020,0x00000000d6c00000)
  to   space 1536K, 0% used [0x00000000d6c00000,0x00000000d6c00000,0x00000000d6d80000)
 ParOldGen       total 68608K, used 31818K [0x0000000080000000, 0x0000000084300000, 0x00000000d5580000)
  object space 68608K, 46% used [0x0000000080000000,0x0000000081f12bd0,0x0000000084300000)
 Metaspace       used 41243K, committed 42304K, reserved 1114112K
  class space    used 4189K, committed 4608K, reserved 1048576K
}
Event: 117.471 GC heap before
{Heap before GC invocations=26 (full 2):
 PSYoungGen      total 22528K, used 21472K [0x00000000d5580000, 0x00000000d6d80000, 0x0000000100000000)
  eden space 20480K, 100% used [0x00000000d5580000,0x00000000d6980000,0x00000000d6980000)
  from space 2048K, 48% used [0x00000000d6a00000,0x00000000d6af8020,0x00000000d6c00000)
  to   space 1536K, 0% used [0x00000000d6c00000,0x00000000d6c00000,0x00000000d6d80000)
 ParOldGen       total 68608K, used 31818K [0x0000000080000000, 0x0000000084300000, 0x00000000d5580000)
  object space 68608K, 46% used [0x0000000080000000,0x0000000081f12bd0,0x0000000084300000)
 Metaspace       used 42819K, committed 43840K, reserved 1114112K
  class space    used 4334K, committed 4800K, reserved 1048576K
}
Event: 117.474 GC heap after
{Heap after GC invocations=26 (full 2):
 PSYoungGen      total 19968K, used 1536K [0x00000000d5580000, 0x00000000d7280000, 0x0000000100000000)
  eden space 18432K, 0% used [0x00000000d5580000,0x00000000d5580000,0x00000000d6780000)
  from space 1536K, 100% used [0x00000000d6c00000,0x00000000d6d80000,0x00000000d6d80000)
  to   space 4608K, 0% used [0x00000000d6780000,0x00000000d6780000,0x00000000d6c00000)
 ParOldGen       total 68608K, used 34022K [0x0000000080000000, 0x0000000084300000, 0x00000000d5580000)
  object space 68608K, 49% used [0x0000000080000000,0x0000000082139b90,0x0000000084300000)
 Metaspace       used 42819K, committed 43840K, reserved 1114112K
  class space    used 4334K, committed 4800K, reserved 1048576K
}

